<?xml version="1.0" encoding="UTF-8"?>
<testsuite xmlns:xsi="http://www.w3.org/2001/XMLSchema-instance" xsi:noNamespaceSchemaLocation="https://maven.apache.org/surefire/maven-surefire-plugin/xsd/surefire-test-report.xsd" name="TestSuite" time="685.152" tests="68" errors="0" skipped="4" failures="1">
  <properties>
    <property name="java.specification.version" value="17"/>
    <property name="sun.cpu.isalist" value="amd64"/>
    <property name="sun.jnu.encoding" value="Cp1251"/>
    <property name="java.class.path" value="C:\Users\1\OneDrive\Документи\GitHub\opencart_team_2\FrameworkMini\target\test-classes;C:\Users\1\OneDrive\Документи\GitHub\opencart_team_2\FrameworkMini\target\classes;C:\Users\1\.m2\repository\io\qameta\allure\allure-testng\2.16.1\allure-testng-2.16.1.jar;C:\Users\1\.m2\repository\io\qameta\allure\allure-test-filter\2.16.1\allure-test-filter-2.16.1.jar;C:\Users\1\.m2\repository\io\qameta\allure\allure-java-commons\2.16.1\allure-java-commons-2.16.1.jar;C:\Users\1\.m2\repository\io\qameta\allure\allure-model\2.16.1\allure-model-2.16.1.jar;C:\Users\1\.m2\repository\org\slf4j\slf4j-api\2.0.0-alpha1\slf4j-api-2.0.0-alpha1.jar;C:\Users\1\.m2\repository\org\testng\testng\7.4.0\testng-7.4.0.jar;C:\Users\1\.m2\repository\com\beust\jcommander\1.78\jcommander-1.78.jar;C:\Users\1\.m2\repository\org\webjars\jquery\3.5.1\jquery-3.5.1.jar;C:\Users\1\.m2\repository\org\seleniumhq\selenium\selenium-server\3.141.59\selenium-server-3.141.59.jar;C:\Users\1\.m2\repository\org\seleniumhq\selenium\selenium-api\3.141.59\selenium-api-3.141.59.jar;C:\Users\1\.m2\repository\org\seleniumhq\selenium\selenium-chrome-driver\3.141.59\selenium-chrome-driver-3.141.59.jar;C:\Users\1\.m2\repository\org\seleniumhq\selenium\selenium-edge-driver\3.141.59\selenium-edge-driver-3.141.59.jar;C:\Users\1\.m2\repository\org\seleniumhq\selenium\selenium-firefox-driver\3.141.59\selenium-firefox-driver-3.141.59.jar;C:\Users\1\.m2\repository\org\seleniumhq\selenium\selenium-ie-driver\3.141.59\selenium-ie-driver-3.141.59.jar;C:\Users\1\.m2\repository\org\seleniumhq\selenium\selenium-opera-driver\3.141.59\selenium-opera-driver-3.141.59.jar;C:\Users\1\.m2\repository\org\seleniumhq\selenium\selenium-remote-driver\3.141.59\selenium-remote-driver-3.141.59.jar;C:\Users\1\.m2\repository\org\seleniumhq\selenium\selenium-safari-driver\3.141.59\selenium-safari-driver-3.141.59.jar;C:\Users\1\.m2\repository\org\seleniumhq\selenium\selenium-support\3.141.59\selenium-support-3.141.59.jar;C:\Users\1\.m2\repository\net\bytebuddy\byte-buddy\1.8.15\byte-buddy-1.8.15.jar;C:\Users\1\.m2\repository\org\apache\commons\commons-exec\1.3\commons-exec-1.3.jar;C:\Users\1\.m2\repository\com\google\guava\guava\25.0-jre\guava-25.0-jre.jar;C:\Users\1\.m2\repository\com\google\code\findbugs\jsr305\1.3.9\jsr305-1.3.9.jar;C:\Users\1\.m2\repository\org\checkerframework\checker-compat-qual\2.0.0\checker-compat-qual-2.0.0.jar;C:\Users\1\.m2\repository\com\google\errorprone\error_prone_annotations\2.1.3\error_prone_annotations-2.1.3.jar;C:\Users\1\.m2\repository\com\google\j2objc\j2objc-annotations\1.1\j2objc-annotations-1.1.jar;C:\Users\1\.m2\repository\org\codehaus\mojo\animal-sniffer-annotations\1.14\animal-sniffer-annotations-1.14.jar;C:\Users\1\.m2\repository\net\jcip\jcip-annotations\1.0\jcip-annotations-1.0.jar;C:\Users\1\.m2\repository\org\seleniumhq\selenium\jetty-repacked\9.4.12.v20180830\jetty-repacked-9.4.12.v20180830.jar;C:\Users\1\.m2\repository\com\squareup\okhttp3\okhttp\3.11.0\okhttp-3.11.0.jar;C:\Users\1\.m2\repository\com\squareup\okio\okio\1.14.0\okio-1.14.0.jar;C:\Users\1\.m2\repository\javax\servlet\javax.servlet-api\3.1.0\javax.servlet-api-3.1.0.jar;C:\Users\1\.m2\repository\org\yaml\snakeyaml\1.19\snakeyaml-1.19.jar;C:\Users\1\.m2\repository\org\seleniumhq\selenium\selenium-java\4.0.0\selenium-java-4.0.0.jar;C:\Users\1\.m2\repository\org\seleniumhq\selenium\selenium-devtools-v85\4.0.0\selenium-devtools-v85-4.0.0.jar;C:\Users\1\.m2\repository\com\google\auto\service\auto-service-annotations\1.0\auto-service-annotations-1.0.jar;C:\Users\1\.m2\repository\com\google\auto\service\auto-service\1.0\auto-service-1.0.jar;C:\Users\1\.m2\repository\com\google\auto\auto-common\1.0\auto-common-1.0.jar;C:\Users\1\.m2\repository\org\seleniumhq\selenium\selenium-json\4.0.0\selenium-json-4.0.0.jar;C:\Users\1\.m2\repository\org\seleniumhq\selenium\selenium-devtools-v93\4.0.0\selenium-devtools-v93-4.0.0.jar;C:\Users\1\.m2\repository\org\seleniumhq\selenium\selenium-devtools-v94\4.0.0\selenium-devtools-v94-4.0.0.jar;C:\Users\1\.m2\repository\org\seleniumhq\selenium\selenium-devtools-v95\4.0.0\selenium-devtools-v95-4.0.0.jar;C:\Users\1\.m2\repository\org\seleniumhq\selenium\selenium-firefox-xpi-driver\4.0.0\selenium-firefox-xpi-driver-4.0.0.jar;C:\Users\1\.m2\repository\io\github\bonigarcia\webdrivermanager\5.0.2\webdrivermanager-5.0.2.jar;C:\Users\1\.m2\repository\com\google\code\gson\gson\2.8.8\gson-2.8.8.jar;C:\Users\1\.m2\repository\org\jsoup\jsoup\1.14.2\jsoup-1.14.2.jar;C:\Users\1\.m2\repository\com\github\docker-java\docker-java\3.2.11\docker-java-3.2.11.jar;C:\Users\1\.m2\repository\com\github\docker-java\docker-java-core\3.2.11\docker-java-core-3.2.11.jar;C:\Users\1\.m2\repository\com\github\docker-java\docker-java-api\3.2.11\docker-java-api-3.2.11.jar;C:\Users\1\.m2\repository\com\fasterxml\jackson\core\jackson-annotations\2.10.3\jackson-annotations-2.10.3.jar;C:\Users\1\.m2\repository\commons-io\commons-io\2.6\commons-io-2.6.jar;C:\Users\1\.m2\repository\org\apache\commons\commons-compress\1.20\commons-compress-1.20.jar;C:\Users\1\.m2\repository\commons-lang\commons-lang\2.6\commons-lang-2.6.jar;C:\Users\1\.m2\repository\com\fasterxml\jackson\core\jackson-databind\2.10.3\jackson-databind-2.10.3.jar;C:\Users\1\.m2\repository\com\fasterxml\jackson\core\jackson-core\2.10.3\jackson-core-2.10.3.jar;C:\Users\1\.m2\repository\org\bouncycastle\bcpkix-jdk15on\1.64\bcpkix-jdk15on-1.64.jar;C:\Users\1\.m2\repository\org\bouncycastle\bcprov-jdk15on\1.64\bcprov-jdk15on-1.64.jar;C:\Users\1\.m2\repository\org\slf4j\jcl-over-slf4j\1.7.30\jcl-over-slf4j-1.7.30.jar;C:\Users\1\.m2\repository\com\github\docker-java\docker-java-transport-httpclient5\3.2.11\docker-java-transport-httpclient5-3.2.11.jar;C:\Users\1\.m2\repository\com\github\docker-java\docker-java-transport\3.2.11\docker-java-transport-3.2.11.jar;C:\Users\1\.m2\repository\org\apache\httpcomponents\client5\httpclient5\5.0.3\httpclient5-5.0.3.jar;C:\Users\1\.m2\repository\org\apache\httpcomponents\core5\httpcore5\5.0.2\httpcore5-5.0.2.jar;C:\Users\1\.m2\repository\commons-codec\commons-codec\1.13\commons-codec-1.13.jar;C:\Users\1\.m2\repository\net\java\dev\jna\jna\5.8.0\jna-5.8.0.jar;C:\Users\1\.m2\repository\org\brotli\dec\0.1.2\dec-0.1.2.jar;C:\Users\1\.m2\repository\org\projectlombok\lombok\1.18.22\lombok-1.18.22.jar;"/>
    <property name="java.vm.vendor" value="Oracle Corporation"/>
    <property name="sun.arch.data.model" value="64"/>
    <property name="user.variant" value=""/>
    <property name="java.vendor.url" value="https://java.oracle.com/"/>
    <property name="user.timezone" value="Europe/Kiev"/>
    <property name="os.name" value="Windows 10"/>
    <property name="java.vm.specification.version" value="17"/>
    <property name="sun.java.launcher" value="SUN_STANDARD"/>
    <property name="user.country" value="UA"/>
    <property name="sun.boot.library.path" value="C:\Program Files\Java\jdk-17\bin"/>
    <property name="sun.java.command" value="C:\Users\1\AppData\Local\Temp\surefire4669676543713855255\surefirebooter14063331965730032562.jar C:\Users\1\AppData\Local\Temp\surefire4669676543713855255 2021-12-03T17-47-36_942-jvmRun1 surefire3046413557620107429tmp surefire_013505768116436413779tmp"/>
    <property name="jdk.debug" value="release"/>
    <property name="surefire.test.class.path" value="C:\Users\1\OneDrive\Документи\GitHub\opencart_team_2\FrameworkMini\target\test-classes;C:\Users\1\OneDrive\Документи\GitHub\opencart_team_2\FrameworkMini\target\classes;C:\Users\1\.m2\repository\io\qameta\allure\allure-testng\2.16.1\allure-testng-2.16.1.jar;C:\Users\1\.m2\repository\io\qameta\allure\allure-test-filter\2.16.1\allure-test-filter-2.16.1.jar;C:\Users\1\.m2\repository\io\qameta\allure\allure-java-commons\2.16.1\allure-java-commons-2.16.1.jar;C:\Users\1\.m2\repository\io\qameta\allure\allure-model\2.16.1\allure-model-2.16.1.jar;C:\Users\1\.m2\repository\org\slf4j\slf4j-api\2.0.0-alpha1\slf4j-api-2.0.0-alpha1.jar;C:\Users\1\.m2\repository\org\testng\testng\7.4.0\testng-7.4.0.jar;C:\Users\1\.m2\repository\com\beust\jcommander\1.78\jcommander-1.78.jar;C:\Users\1\.m2\repository\org\webjars\jquery\3.5.1\jquery-3.5.1.jar;C:\Users\1\.m2\repository\org\seleniumhq\selenium\selenium-server\3.141.59\selenium-server-3.141.59.jar;C:\Users\1\.m2\repository\org\seleniumhq\selenium\selenium-api\3.141.59\selenium-api-3.141.59.jar;C:\Users\1\.m2\repository\org\seleniumhq\selenium\selenium-chrome-driver\3.141.59\selenium-chrome-driver-3.141.59.jar;C:\Users\1\.m2\repository\org\seleniumhq\selenium\selenium-edge-driver\3.141.59\selenium-edge-driver-3.141.59.jar;C:\Users\1\.m2\repository\org\seleniumhq\selenium\selenium-firefox-driver\3.141.59\selenium-firefox-driver-3.141.59.jar;C:\Users\1\.m2\repository\org\seleniumhq\selenium\selenium-ie-driver\3.141.59\selenium-ie-driver-3.141.59.jar;C:\Users\1\.m2\repository\org\seleniumhq\selenium\selenium-opera-driver\3.141.59\selenium-opera-driver-3.141.59.jar;C:\Users\1\.m2\repository\org\seleniumhq\selenium\selenium-remote-driver\3.141.59\selenium-remote-driver-3.141.59.jar;C:\Users\1\.m2\repository\org\seleniumhq\selenium\selenium-safari-driver\3.141.59\selenium-safari-driver-3.141.59.jar;C:\Users\1\.m2\repository\org\seleniumhq\selenium\selenium-support\3.141.59\selenium-support-3.141.59.jar;C:\Users\1\.m2\repository\net\bytebuddy\byte-buddy\1.8.15\byte-buddy-1.8.15.jar;C:\Users\1\.m2\repository\org\apache\commons\commons-exec\1.3\commons-exec-1.3.jar;C:\Users\1\.m2\repository\com\google\guava\guava\25.0-jre\guava-25.0-jre.jar;C:\Users\1\.m2\repository\com\google\code\findbugs\jsr305\1.3.9\jsr305-1.3.9.jar;C:\Users\1\.m2\repository\org\checkerframework\checker-compat-qual\2.0.0\checker-compat-qual-2.0.0.jar;C:\Users\1\.m2\repository\com\google\errorprone\error_prone_annotations\2.1.3\error_prone_annotations-2.1.3.jar;C:\Users\1\.m2\repository\com\google\j2objc\j2objc-annotations\1.1\j2objc-annotations-1.1.jar;C:\Users\1\.m2\repository\org\codehaus\mojo\animal-sniffer-annotations\1.14\animal-sniffer-annotations-1.14.jar;C:\Users\1\.m2\repository\net\jcip\jcip-annotations\1.0\jcip-annotations-1.0.jar;C:\Users\1\.m2\repository\org\seleniumhq\selenium\jetty-repacked\9.4.12.v20180830\jetty-repacked-9.4.12.v20180830.jar;C:\Users\1\.m2\repository\com\squareup\okhttp3\okhttp\3.11.0\okhttp-3.11.0.jar;C:\Users\1\.m2\repository\com\squareup\okio\okio\1.14.0\okio-1.14.0.jar;C:\Users\1\.m2\repository\javax\servlet\javax.servlet-api\3.1.0\javax.servlet-api-3.1.0.jar;C:\Users\1\.m2\repository\org\yaml\snakeyaml\1.19\snakeyaml-1.19.jar;C:\Users\1\.m2\repository\org\seleniumhq\selenium\selenium-java\4.0.0\selenium-java-4.0.0.jar;C:\Users\1\.m2\repository\org\seleniumhq\selenium\selenium-devtools-v85\4.0.0\selenium-devtools-v85-4.0.0.jar;C:\Users\1\.m2\repository\com\google\auto\service\auto-service-annotations\1.0\auto-service-annotations-1.0.jar;C:\Users\1\.m2\repository\com\google\auto\service\auto-service\1.0\auto-service-1.0.jar;C:\Users\1\.m2\repository\com\google\auto\auto-common\1.0\auto-common-1.0.jar;C:\Users\1\.m2\repository\org\seleniumhq\selenium\selenium-json\4.0.0\selenium-json-4.0.0.jar;C:\Users\1\.m2\repository\org\seleniumhq\selenium\selenium-devtools-v93\4.0.0\selenium-devtools-v93-4.0.0.jar;C:\Users\1\.m2\repository\org\seleniumhq\selenium\selenium-devtools-v94\4.0.0\selenium-devtools-v94-4.0.0.jar;C:\Users\1\.m2\repository\org\seleniumhq\selenium\selenium-devtools-v95\4.0.0\selenium-devtools-v95-4.0.0.jar;C:\Users\1\.m2\repository\org\seleniumhq\selenium\selenium-firefox-xpi-driver\4.0.0\selenium-firefox-xpi-driver-4.0.0.jar;C:\Users\1\.m2\repository\io\github\bonigarcia\webdrivermanager\5.0.2\webdrivermanager-5.0.2.jar;C:\Users\1\.m2\repository\com\google\code\gson\gson\2.8.8\gson-2.8.8.jar;C:\Users\1\.m2\repository\org\jsoup\jsoup\1.14.2\jsoup-1.14.2.jar;C:\Users\1\.m2\repository\com\github\docker-java\docker-java\3.2.11\docker-java-3.2.11.jar;C:\Users\1\.m2\repository\com\github\docker-java\docker-java-core\3.2.11\docker-java-core-3.2.11.jar;C:\Users\1\.m2\repository\com\github\docker-java\docker-java-api\3.2.11\docker-java-api-3.2.11.jar;C:\Users\1\.m2\repository\com\fasterxml\jackson\core\jackson-annotations\2.10.3\jackson-annotations-2.10.3.jar;C:\Users\1\.m2\repository\commons-io\commons-io\2.6\commons-io-2.6.jar;C:\Users\1\.m2\repository\org\apache\commons\commons-compress\1.20\commons-compress-1.20.jar;C:\Users\1\.m2\repository\commons-lang\commons-lang\2.6\commons-lang-2.6.jar;C:\Users\1\.m2\repository\com\fasterxml\jackson\core\jackson-databind\2.10.3\jackson-databind-2.10.3.jar;C:\Users\1\.m2\repository\com\fasterxml\jackson\core\jackson-core\2.10.3\jackson-core-2.10.3.jar;C:\Users\1\.m2\repository\org\bouncycastle\bcpkix-jdk15on\1.64\bcpkix-jdk15on-1.64.jar;C:\Users\1\.m2\repository\org\bouncycastle\bcprov-jdk15on\1.64\bcprov-jdk15on-1.64.jar;C:\Users\1\.m2\repository\org\slf4j\jcl-over-slf4j\1.7.30\jcl-over-slf4j-1.7.30.jar;C:\Users\1\.m2\repository\com\github\docker-java\docker-java-transport-httpclient5\3.2.11\docker-java-transport-httpclient5-3.2.11.jar;C:\Users\1\.m2\repository\com\github\docker-java\docker-java-transport\3.2.11\docker-java-transport-3.2.11.jar;C:\Users\1\.m2\repository\org\apache\httpcomponents\client5\httpclient5\5.0.3\httpclient5-5.0.3.jar;C:\Users\1\.m2\repository\org\apache\httpcomponents\core5\httpcore5\5.0.2\httpcore5-5.0.2.jar;C:\Users\1\.m2\repository\commons-codec\commons-codec\1.13\commons-codec-1.13.jar;C:\Users\1\.m2\repository\net\java\dev\jna\jna\5.8.0\jna-5.8.0.jar;C:\Users\1\.m2\repository\org\brotli\dec\0.1.2\dec-0.1.2.jar;C:\Users\1\.m2\repository\org\projectlombok\lombok\1.18.22\lombok-1.18.22.jar;"/>
    <property name="allure.results.directory" value="C:\Users\1\OneDrive\Документи\GitHub\opencart_team_2\FrameworkMini\target/allure-results"/>
    <property name="sun.cpu.endian" value="little"/>
    <property name="user.home" value="C:\Users\1"/>
    <property name="user.language" value="uk"/>
    <property name="java.specification.vendor" value="Oracle Corporation"/>
    <property name="java.version.date" value="2021-09-14"/>
    <property name="java.home" value="C:\Program Files\Java\jdk-17"/>
    <property name="file.separator" value="\"/>
    <property name="basedir" value="C:\Users\1\OneDrive\Документи\GitHub\opencart_team_2\FrameworkMini"/>
    <property name="java.vm.compressedOopsMode" value="32-bit"/>
    <property name="line.separator" value="&#10;"/>
    <property name="java.vm.specification.vendor" value="Oracle Corporation"/>
    <property name="java.specification.name" value="Java Platform API Specification"/>
    <property name="surefire.real.class.path" value="C:\Users\1\AppData\Local\Temp\surefire4669676543713855255\surefirebooter14063331965730032562.jar"/>
    <property name="user.script" value=""/>
    <property name="sun.management.compiler" value="HotSpot 64-Bit Tiered Compilers"/>
    <property name="java.runtime.version" value="17+35-LTS-2724"/>
    <property name="user.name" value="1"/>
    <property name="path.separator" value=";"/>
    <property name="os.version" value="10.0"/>
    <property name="java.runtime.name" value="Java(TM) SE Runtime Environment"/>
    <property name="file.encoding" value="Cp1251"/>
    <property name="java.vm.name" value="Java HotSpot(TM) 64-Bit Server VM"/>
    <property name="localRepository" value="C:\Users\1\.m2\repository"/>
    <property name="java.vendor.url.bug" value="https://bugreport.java.com/bugreport/"/>
    <property name="java.io.tmpdir" value="C:\Users\1\AppData\Local\Temp\"/>
    <property name="idea.version" value="2021.2.3"/>
    <property name="java.version" value="17"/>
    <property name="user.dir" value="C:\Users\1\OneDrive\Документи\GitHub\opencart_team_2\FrameworkMini"/>
    <property name="os.arch" value="amd64"/>
    <property name="java.vm.specification.name" value="Java Virtual Machine Specification"/>
    <property name="sun.os.patch.level" value=""/>
    <property name="native.encoding" value="Cp1251"/>
    <property name="java.library.path" value="C:\Program Files\Java\jdk-17\bin;C:\WINDOWS\Sun\Java\bin;C:\WINDOWS\system32;C:\WINDOWS;C:\Program Files\Common Files\Oracle\Java\javapath;C:\Program Files (x86)\Common Files\Oracle\Java\javapath;C:\WINDOWS\system32;C:\WINDOWS;C:\WINDOWS\System32\Wbem;C:\WINDOWS\System32\WindowsPowerShell\v1.0\;C:\WINDOWS\System32\OpenSSH\;C:\Program Files (x86)\Microsoft SQL Server\100\Tools\Binn\;C:\Program Files (x86)\Microsoft SQL Server\100\DTS\Binn\;C:\Program Files\Java\jdk-17\bin;C:\Program Files\Git\cmd;C:\Users\1\AppData\Local\Programs\Python\Python39\Scripts\;C:\Users\1\AppData\Local\Programs\Python\Python39\;C:\Users\1\AppData\Local\Microsoft\WindowsApps;C:\Program Files\JetBrains\IntelliJ IDEA Community Edition 2021.2.3\bin;;C:\Users\1\AppData\Local\GitHubDesktop\bin;."/>
    <property name="java.vm.info" value="mixed mode, sharing"/>
    <property name="java.vendor" value="Oracle Corporation"/>
    <property name="java.vm.version" value="17+35-LTS-2724"/>
    <property name="sun.io.unicode.encoding" value="UnicodeLittle"/>
    <property name="java.class.version" value="61.0"/>
  </properties>
  <testcase name="loginUserWithInWishListPage" classname="AddFourProdToWishlistTest" time="4.295"/>
  <testcase name="searchElementAndAddToWishlist" classname="AddFourProdToWishlistTest" time="6.8"/>
  <testcase name="addOneComplexElementTCartTest" classname="AddOneComplexElementTest" time="13.572"/>
  <testcase name="searchByMenuAndAddToCompare" classname="AddOneProdToCompareTest" time="5.515"/>
  <testcase name="loginUserWithInWishListPage" classname="AddOneProdToWishlistTest" time="4.502"/>
  <testcase name="searchElementAndAddToWishlist" classname="AddOneProdToWishlistTest" time="2.207"/>
  <testcase name="searchElementAndAddToCompare" classname="AddSixProdToCompareTest" time="19.176"/>
  <testcase name="loginUserWithInWishListPage" classname="AddToCompareAndWishlistTest" time="4.075"/>
  <testcase name="searchByMenuAndAddToCompare" classname="AddToCompareAndWishlistTest" time="3.23"/>
  <testcase name="searchElementAndAddToCompare" classname="AddTwoProdToCompareTest" time="8.681"/>
  <testcase name="loginUserWithInWishListPage" classname="AddTwoProdToWishlistTest" time="4.159"/>
  <testcase name="searchElementAndAddToWishlist" classname="AddTwoProdToWishlistTest" time="3.596"/>
  <testcase name="addNewCurrencyTest" classname="administration.AddNewCurrencyTest" time="6.793"/>
  <testcase name="addNewTaxClassesTest" classname="administration.AddNewTaxTest" time="6.952"/>
  <testcase name="addNewTaxRatesTest" classname="administration.AddNewTaxTest" time="5.024"/>
  <testcase name="changeCurrencyTest" classname="administration.ChangeCurrencyTest" time="0">
    <skipped message="Incorrect tax iMac expected [true] but found [false]"/>
    <system-err><![CDATA[Starting ChromeDriver 96.0.4664.45 (76e4c1bb2ab4671b8beba3444e61c0f17584b2fc-refs/branch-heads/4664@{#947}) on port 17949
Only local connections are allowed.
Please see https://chromedriver.chromium.org/security-considerations for suggestions on keeping ChromeDriver safe.
ChromeDriver was started successfully.
груд. 03, 2021 5:50:49 ПП org.openqa.selenium.remote.ProtocolHandshake createSession
INFO: Detected dialect: W3C
]]></system-err>
  </testcase>
  <testcase name="changeCurrencyTest" classname="administration.ChangeCurrencyTest" time="0">
    <skipped message="Incorrect tax iMac expected [true] but found [false]"/>
  </testcase>
  <testcase name="changeCurrencyTest" classname="administration.ChangeCurrencyTest" time="2.008">
    <failure message="Incorrect tax iMac expected [true] but found [false]" type="java.lang.AssertionError">java.lang.AssertionError: Incorrect tax iMac expected [true] but found [false]
	at administration.ChangeCurrencyTest.changeCurrencyTest(ChangeCurrencyTest.java:25)
</failure>
  </testcase>
  <testcase name="loginUserThenSearchElementAndAddToCardThenCheckout" classname="administration.CheckTaxInStoreTest" time="13.265"/>
  <testcase name="deleteCurrencyTest" classname="administration.DeleteCurrencyTest" time="5.619"/>
  <testcase name="deleteTaxClassesTest" classname="administration.DeleteTaxTest" time="5.672"/>
  <testcase name="deleteTaxRatesTest" classname="administration.DeleteTaxTest" time="4.195"/>
  <testcase name="editNewCurrencyTest" classname="administration.EditCurrencyTest" time="8.247"/>
  <testcase name="editTaxClassesTest" classname="administration.EditTaxTest" time="7.675"/>
  <testcase name="search2ProductAndAddToCart" classname="SearchAdd2ProductTest" time="6.206"/>
  <testcase name="search4ProductAndAddToCart" classname="SearchAdd4ProductTest" time="18.728"/>
  <testcase name="searchProductNegativeTest" classname="SearchTest" time="3.742"/>
  <testcase name="searchProductPositiveTest" classname="SearchTest" time="2.818"/>
  <testcase name="searchByMenuAndAddToCompare" classname="stories.OrderOneProdUsingComparisonAsGuestUserTest" time="0">
    <skipped message="no such element: Unable to locate element: {&quot;method&quot;:&quot;xpath&quot;,&quot;selector&quot;:&quot;.//a[text()=&apos;product comparison&apos;]&quot;}&#10;  (Session info: chrome=96.0.4664.45)&#10;For documentation on this error, please visit: https://www.seleniumhq.org/exceptions/no_such_element.html&#10;Build info: version: &apos;3.141.59&apos;, revision: &apos;e82be7d358&apos;, time: &apos;2018-11-14T08:17:03&apos;&#10;System info: host: &apos;DESKTOP-QKRRSS8&apos;, ip: &apos;192.168.1.7&apos;, os.name: &apos;Windows 10&apos;, os.arch: &apos;amd64&apos;, os.version: &apos;10.0&apos;, java.version: &apos;17&apos;&#10;Driver info: org.openqa.selenium.chrome.ChromeDriver&#10;Capabilities {acceptInsecureCerts: false, browserName: chrome, browserVersion: 96.0.4664.45, chrome: {chromedriverVersion: 96.0.4664.45 (76e4c1bb2ab46..., userDataDir: C:\Users\1\AppData\Local\Te...}, goog:chromeOptions: {debuggerAddress: localhost:52030}, javascriptEnabled: true, networkConnectionEnabled: false, pageLoadStrategy: normal, platform: WINDOWS, platformName: WINDOWS, proxy: Proxy(), setWindowRect: true, strictFileInteractability: false, timeouts: {implicit: 0, pageLoad: 300000, script: 30000}, unhandledPromptBehavior: dismiss and notify, webauthn:extension:credBlob: true, webauthn:extension:largeBlob: true, webauthn:virtualAuthenticators: true}&#10;Session ID: 3b550c432919fca06637483825191719&#10;*** Element info: {Using=xpath, value=.//a[text()=&apos;product comparison&apos;]}"/>
    <system-err><![CDATA[Starting ChromeDriver 96.0.4664.45 (76e4c1bb2ab4671b8beba3444e61c0f17584b2fc-refs/branch-heads/4664@{#947}) on port 33004
Only local connections are allowed.
Please see https://chromedriver.chromium.org/security-considerations for suggestions on keeping ChromeDriver safe.
ChromeDriver was started successfully.
груд. 03, 2021 5:52:31 ПП org.openqa.selenium.remote.ProtocolHandshake createSession
INFO: Detected dialect: W3C
]]></system-err>
  </testcase>
  <testcase name="searchByMenuAndAddToCompare" classname="stories.OrderOneProdUsingComparisonAsGuestUserTest" time="3.989"/>
  <testcase name="stepCheckoutPerson" classname="stories.OrderOneProdUsingComparisonAsGuestUserTest" time="12.656"/>
  <testcase name="loginUserWithInWishListPage" classname="stories.OrderOneProdUsingProdComparisonAsLogUserTest" time="4.916"/>
  <testcase name="searchByMenuAndAddToCompare" classname="stories.OrderOneProdUsingProdComparisonAsLogUserTest" time="4.687"/>
  <testcase name="stepCheckoutPerson" classname="stories.OrderOneProdUsingProdComparisonAsLogUserTest" time="12.995"/>
  <testcase name="addProductToShoppingCartByProdPageTest" classname="stories.OrderOneProdUsingProductPageAsLogUserTest" time="5.694"/>
  <testcase name="loginUserWithInWishListPage" classname="stories.OrderOneProdUsingProductPageAsLogUserTest" time="2.759"/>
  <testcase name="stepCheckoutPerson" classname="stories.OrderOneProdUsingProductPageAsLogUserTest" time="12.316"/>
  <testcase name="searchElementAndAddToCard" classname="stories.OrderOneProdUsingSearchAsGuestUserTest" time="4.657"/>
  <testcase name="searchEoCard" classname="stories.OrderOneProdUsingSearchAsGuestUserTest" time="12.638"/>
  <testcase name="loginUserWithInWishListPage" classname="stories.OrderOneProdUsingSearchAsLogUserTest" time="4.592"/>
  <testcase name="searchElementAndAddToCard" classname="stories.OrderOneProdUsingSearchAsLogUserTest" time="2.355"/>
  <testcase name="stepCheckoutPerson" classname="stories.OrderOneProdUsingSearchAsLogUserTest" time="12.958"/>
  <testcase name="loginUserWithInWishListPage" classname="stories.OrderOneProdUsingWishlistAsLogUserTest" time="4.714"/>
  <testcase name="searchElementAndAddToWishlist" classname="stories.OrderOneProdUsingWishlistAsLogUserTest" time="3.329"/>
  <testcase name="stepCheckoutPerson" classname="stories.OrderOneProdUsingWishlistAsLogUserTest" time="12.621"/>
  <testcase name="addProductToShoppingCartByProdPageTest" classname="stories.OrderTreeProdUsingProductPageAsLogUserTest" time="11.892"/>
  <testcase name="loginUserWithInWishListPage" classname="stories.OrderTreeProdUsingProductPageAsLogUserTest" time="2.671"/>
  <testcase name="stepCheckoutPerson" classname="stories.OrderTreeProdUsingProductPageAsLogUserTest" time="13.333"/>
  <testcase name="loginUserWithInWishListPage" classname="stories.OrderTreeProdUsingSearchAsLogUserTest" time="4.681"/>
  <testcase name="searchElementAndAddToCard" classname="stories.OrderTreeProdUsingSearchAsLogUserTest" time="5.788"/>
  <testcase name="stepCheckoutPerson" classname="stories.OrderTreeProdUsingSearchAsLogUserTest" time="12.856"/>
  <testcase name="loginUserWithInWishListPage" classname="stories.OrderTreeProdUsingWishlistAsLogUserTest" time="6.126"/>
  <testcase name="searchElementAndAddToWishlist" classname="stories.OrderTreeProdUsingWishlistAsLogUserTest" time="3.365"/>
  <testcase name="searchElementAndAddToWishlist2" classname="stories.OrderTreeProdUsingWishlistAsLogUserTest" time="3.375"/>
  <testcase name="searchElementAndAddToWishlist3" classname="stories.OrderTreeProdUsingWishlistAsLogUserTest" time="3.308"/>
  <testcase name="stepCheckoutPerson" classname="stories.OrderTreeProdUsingWishlistAsLogUserTest" time="23.469"/>
  <testcase name="addProductToShoppingCartByProdPageTest" classname="stories.OrderTwoProdUsingProductPageAsLogUserTest" time="9.331"/>
  <testcase name="loginUserWithInWishListPage" classname="stories.OrderTwoProdUsingProductPageAsLogUserTest" time="2.593"/>
  <testcase name="stepCheckoutPerson" classname="stories.OrderTwoProdUsingProductPageAsLogUserTest" time="12.483"/>
  <testcase name="loginUserWithInWishListPage" classname="stories.OrderTwoProdUsingSearchAsLogUserTest" time="4.892"/>
  <testcase name="searchElementAndAddToCard" classname="stories.OrderTwoProdUsingSearchAsLogUserTest" time="4.042"/>
  <testcase name="stepCheckoutPerson" classname="stories.OrderTwoProdUsingSearchAsLogUserTest" time="12.934"/>
  <testcase name="loginUserWithInWishListPage" classname="stories.OrderTwoProdUsingWishlistAsLogUserTest" time="4.563"/>
  <testcase name="searchElementAndAddToWishlist" classname="stories.OrderTwoProdUsingWishlistAsLogUserTest" time="3.428"/>
  <testcase name="searchElementAndAddToWishlist2" classname="stories.OrderTwoProdUsingWishlistAsLogUserTest" time="3.351"/>
  <testcase name="stepCheckoutPerson" classname="stories.OrderTwoProdUsingWishlistAsLogUserTest" time="51.653"/>
  <testcase name="registerUserWithValidParameters" classname="UserRegisterTest" time="0">
    <skipped message="no such element: Unable to locate element: {&quot;method&quot;:&quot;css selector&quot;,&quot;selector&quot;:&quot;#input\-firstname&quot;}&#10;  (Session info: chrome=96.0.4664.45)&#10;For documentation on this error, please visit: https://www.seleniumhq.org/exceptions/no_such_element.html&#10;Build info: version: &apos;3.141.59&apos;, revision: &apos;e82be7d358&apos;, time: &apos;2018-11-14T08:17:03&apos;&#10;System info: host: &apos;DESKTOP-QKRRSS8&apos;, ip: &apos;192.168.1.7&apos;, os.name: &apos;Windows 10&apos;, os.arch: &apos;amd64&apos;, os.version: &apos;10.0&apos;, java.version: &apos;17&apos;&#10;Driver info: org.openqa.selenium.chrome.ChromeDriver&#10;Capabilities {acceptInsecureCerts: false, browserName: chrome, browserVersion: 96.0.4664.45, chrome: {chromedriverVersion: 96.0.4664.45 (76e4c1bb2ab46..., userDataDir: C:\Users\1\AppData\Local\Te...}, goog:chromeOptions: {debuggerAddress: localhost:53286}, javascriptEnabled: true, networkConnectionEnabled: false, pageLoadStrategy: normal, platform: WINDOWS, platformName: WINDOWS, proxy: Proxy(), setWindowRect: true, strictFileInteractability: false, timeouts: {implicit: 0, pageLoad: 300000, script: 30000}, unhandledPromptBehavior: dismiss and notify, webauthn:extension:credBlob: true, webauthn:extension:largeBlob: true, webauthn:virtualAuthenticators: true}&#10;Session ID: e2ea85f8bbc8d5e0b0cbe15e638c058e&#10;*** Element info: {Using=id, value=input-firstname}"/>
    <system-err><![CDATA[Starting ChromeDriver 96.0.4664.45 (76e4c1bb2ab4671b8beba3444e61c0f17584b2fc-refs/branch-heads/4664@{#947}) on port 36021
Only local connections are allowed.
Please see https://chromedriver.chromium.org/security-considerations for suggestions on keeping ChromeDriver safe.
ChromeDriver was started successfully.
груд. 03, 2021 5:58:20 ПП org.openqa.selenium.remote.ProtocolHandshake createSession
INFO: Detected dialect: W3C
]]></system-err>
  </testcase>
  <testcase name="registerUserWithValidParameters" classname="UserRegisterTest" time="5.604"/>
</testsuite>