<?xml version="1.0" encoding="UTF-8"?>
<testng-results retried="4" ignored="36" total="104" passed="63" failed="1" skipped="0">
  <reporter-output>
  </reporter-output>
  <suite started-at="2021-12-03T17:47:43 EET" name="Surefire suite" finished-at="2021-12-03T17:59:03 EET" duration-ms="680091">
    <groups>
    </groups>
    <test started-at="2021-12-03T17:47:43 EET" name="Surefire test" finished-at="2021-12-03T17:59:03 EET" duration-ms="680091">
      <class name="administration.ChangeCurrencyTest">
        <test-method is-config="true" signature="createDriver()[pri:0, instance:administration.ChangeCurrencyTest@69e308c6]" started-at="2021-12-03T17:50:48 EET" name="createDriver" finished-at="2021-12-03T17:50:49 EET" duration-ms="1704" status="PASS">
          <reporter-output>
          </reporter-output>
        </test-method> <!-- createDriver -->
        <test-method retried="true" signature="changeCurrencyTest()[pri:0, instance:administration.ChangeCurrencyTest@69e308c6]" started-at="2021-12-03T17:50:49 EET" name="changeCurrencyTest" finished-at="2021-12-03T17:50:54 EET" duration-ms="4256" status="SKIP">
          <exception class="java.lang.AssertionError">
            <message>
              <![CDATA[Incorrect tax iMac expected [true] but found [false]]]>
            </message>
            <full-stacktrace>
              <![CDATA[java.lang.AssertionError: Incorrect tax iMac expected [true] but found [false]
at org.testng.Assert.fail(Assert.java:99)
at org.testng.Assert.failNotEquals(Assert.java:1037)
at org.testng.Assert.assertTrue(Assert.java:45)
at steps.SearchPageBL.verifyiMacTax(SearchPageBL.java:90)
at administration.ChangeCurrencyTest.changeCurrencyTest(ChangeCurrencyTest.java:25)
at java.base/jdk.internal.reflect.NativeMethodAccessorImpl.invoke0(Native Method)
at java.base/jdk.internal.reflect.NativeMethodAccessorImpl.invoke(NativeMethodAccessorImpl.java:77)
at java.base/jdk.internal.reflect.DelegatingMethodAccessorImpl.invoke(DelegatingMethodAccessorImpl.java:43)
at java.base/java.lang.reflect.Method.invoke(Method.java:568)
at org.testng.internal.MethodInvocationHelper.invokeMethod(MethodInvocationHelper.java:133)
at org.testng.internal.TestInvoker.invokeMethod(TestInvoker.java:598)
at org.testng.internal.TestInvoker.invokeTestMethod(TestInvoker.java:173)
at org.testng.internal.MethodRunner.runInSequence(MethodRunner.java:46)
at org.testng.internal.TestInvoker$MethodInvocationAgent.invoke(TestInvoker.java:824)
at org.testng.internal.TestInvoker.invokeTestMethods(TestInvoker.java:146)
at org.testng.internal.TestMethodWorker.invokeTestMethods(TestMethodWorker.java:146)
at org.testng.internal.TestMethodWorker.run(TestMethodWorker.java:128)
at java.base/java.util.ArrayList.forEach(ArrayList.java:1511)
at org.testng.TestRunner.privateRun(TestRunner.java:794)
at org.testng.TestRunner.run(TestRunner.java:596)
at org.testng.SuiteRunner.runTest(SuiteRunner.java:377)
at org.testng.SuiteRunner.runSequentially(SuiteRunner.java:371)
at org.testng.SuiteRunner.privateRun(SuiteRunner.java:332)
at org.testng.SuiteRunner.run(SuiteRunner.java:276)
at org.testng.SuiteRunnerWorker.runSuite(SuiteRunnerWorker.java:53)
at org.testng.SuiteRunnerWorker.run(SuiteRunnerWorker.java:96)
at org.testng.TestNG.runSuitesSequentially(TestNG.java:1212)
at org.testng.TestNG.runSuitesLocally(TestNG.java:1134)
at org.testng.TestNG.runSuites(TestNG.java:1063)
at org.testng.TestNG.run(TestNG.java:1031)
at org.apache.maven.surefire.testng.TestNGExecutor.run(TestNGExecutor.java:135)
at org.apache.maven.surefire.testng.TestNGDirectoryTestSuite.executeMulti(TestNGDirectoryTestSuite.java:193)
at org.apache.maven.surefire.testng.TestNGDirectoryTestSuite.execute(TestNGDirectoryTestSuite.java:94)
at org.apache.maven.surefire.testng.TestNGProvider.invoke(TestNGProvider.java:146)
at org.apache.maven.surefire.booter.ForkedBooter.invokeProviderInSameClassLoader(ForkedBooter.java:384)
at org.apache.maven.surefire.booter.ForkedBooter.runSuitesInProcess(ForkedBooter.java:345)
at org.apache.maven.surefire.booter.ForkedBooter.execute(ForkedBooter.java:126)
at org.apache.maven.surefire.booter.ForkedBooter.main(ForkedBooter.java:418)
]]>
            </full-stacktrace>
          </exception> <!-- java.lang.AssertionError -->
          <reporter-output>
          </reporter-output>
        </test-method> <!-- changeCurrencyTest -->
        <test-method retried="true" signature="changeCurrencyTest()[pri:0, instance:administration.ChangeCurrencyTest@69e308c6]" started-at="2021-12-03T17:50:54 EET" name="changeCurrencyTest" finished-at="2021-12-03T17:50:56 EET" duration-ms="2092" status="SKIP">
          <exception class="java.lang.AssertionError">
            <message>
              <![CDATA[Incorrect tax iMac expected [true] but found [false]]]>
            </message>
            <full-stacktrace>
              <![CDATA[java.lang.AssertionError: Incorrect tax iMac expected [true] but found [false]
at org.testng.Assert.fail(Assert.java:99)
at org.testng.Assert.failNotEquals(Assert.java:1037)
at org.testng.Assert.assertTrue(Assert.java:45)
at steps.SearchPageBL.verifyiMacTax(SearchPageBL.java:90)
at administration.ChangeCurrencyTest.changeCurrencyTest(ChangeCurrencyTest.java:25)
at java.base/jdk.internal.reflect.NativeMethodAccessorImpl.invoke0(Native Method)
at java.base/jdk.internal.reflect.NativeMethodAccessorImpl.invoke(NativeMethodAccessorImpl.java:77)
at java.base/jdk.internal.reflect.DelegatingMethodAccessorImpl.invoke(DelegatingMethodAccessorImpl.java:43)
at java.base/java.lang.reflect.Method.invoke(Method.java:568)
at org.testng.internal.MethodInvocationHelper.invokeMethod(MethodInvocationHelper.java:133)
at org.testng.internal.TestInvoker.invokeMethod(TestInvoker.java:598)
at org.testng.internal.TestInvoker.retryFailed(TestInvoker.java:213)
at org.testng.internal.MethodRunner.runInSequence(MethodRunner.java:58)
at org.testng.internal.TestInvoker$MethodInvocationAgent.invoke(TestInvoker.java:824)
at org.testng.internal.TestInvoker.invokeTestMethods(TestInvoker.java:146)
at org.testng.internal.TestMethodWorker.invokeTestMethods(TestMethodWorker.java:146)
at org.testng.internal.TestMethodWorker.run(TestMethodWorker.java:128)
at java.base/java.util.ArrayList.forEach(ArrayList.java:1511)
at org.testng.TestRunner.privateRun(TestRunner.java:794)
at org.testng.TestRunner.run(TestRunner.java:596)
at org.testng.SuiteRunner.runTest(SuiteRunner.java:377)
at org.testng.SuiteRunner.runSequentially(SuiteRunner.java:371)
at org.testng.SuiteRunner.privateRun(SuiteRunner.java:332)
at org.testng.SuiteRunner.run(SuiteRunner.java:276)
at org.testng.SuiteRunnerWorker.runSuite(SuiteRunnerWorker.java:53)
at org.testng.SuiteRunnerWorker.run(SuiteRunnerWorker.java:96)
at org.testng.TestNG.runSuitesSequentially(TestNG.java:1212)
at org.testng.TestNG.runSuitesLocally(TestNG.java:1134)
at org.testng.TestNG.runSuites(TestNG.java:1063)
at org.testng.TestNG.run(TestNG.java:1031)
at org.apache.maven.surefire.testng.TestNGExecutor.run(TestNGExecutor.java:135)
at org.apache.maven.surefire.testng.TestNGDirectoryTestSuite.executeMulti(TestNGDirectoryTestSuite.java:193)
at org.apache.maven.surefire.testng.TestNGDirectoryTestSuite.execute(TestNGDirectoryTestSuite.java:94)
at org.apache.maven.surefire.testng.TestNGProvider.invoke(TestNGProvider.java:146)
at org.apache.maven.surefire.booter.ForkedBooter.invokeProviderInSameClassLoader(ForkedBooter.java:384)
at org.apache.maven.surefire.booter.ForkedBooter.runSuitesInProcess(ForkedBooter.java:345)
at org.apache.maven.surefire.booter.ForkedBooter.execute(ForkedBooter.java:126)
at org.apache.maven.surefire.booter.ForkedBooter.main(ForkedBooter.java:418)
]]>
            </full-stacktrace>
          </exception> <!-- java.lang.AssertionError -->
          <reporter-output>
          </reporter-output>
        </test-method> <!-- changeCurrencyTest -->
        <test-method signature="changeCurrencyTest()[pri:0, instance:administration.ChangeCurrencyTest@69e308c6]" started-at="2021-12-03T17:50:56 EET" name="changeCurrencyTest" finished-at="2021-12-03T17:50:58 EET" duration-ms="1999" status="FAIL">
          <exception class="java.lang.AssertionError">
            <message>
              <![CDATA[Incorrect tax iMac expected [true] but found [false]]]>
            </message>
            <full-stacktrace>
              <![CDATA[java.lang.AssertionError: Incorrect tax iMac expected [true] but found [false]
at org.testng.Assert.fail(Assert.java:99)
at org.testng.Assert.failNotEquals(Assert.java:1037)
at org.testng.Assert.assertTrue(Assert.java:45)
at steps.SearchPageBL.verifyiMacTax(SearchPageBL.java:90)
at administration.ChangeCurrencyTest.changeCurrencyTest(ChangeCurrencyTest.java:25)
at java.base/jdk.internal.reflect.NativeMethodAccessorImpl.invoke0(Native Method)
at java.base/jdk.internal.reflect.NativeMethodAccessorImpl.invoke(NativeMethodAccessorImpl.java:77)
at java.base/jdk.internal.reflect.DelegatingMethodAccessorImpl.invoke(DelegatingMethodAccessorImpl.java:43)
at java.base/java.lang.reflect.Method.invoke(Method.java:568)
at org.testng.internal.MethodInvocationHelper.invokeMethod(MethodInvocationHelper.java:133)
at org.testng.internal.TestInvoker.invokeMethod(TestInvoker.java:598)
at org.testng.internal.TestInvoker.retryFailed(TestInvoker.java:213)
at org.testng.internal.MethodRunner.runInSequence(MethodRunner.java:58)
at org.testng.internal.TestInvoker$MethodInvocationAgent.invoke(TestInvoker.java:824)
at org.testng.internal.TestInvoker.invokeTestMethods(TestInvoker.java:146)
at org.testng.internal.TestMethodWorker.invokeTestMethods(TestMethodWorker.java:146)
at org.testng.internal.TestMethodWorker.run(TestMethodWorker.java:128)
at java.base/java.util.ArrayList.forEach(ArrayList.java:1511)
at org.testng.TestRunner.privateRun(TestRunner.java:794)
at org.testng.TestRunner.run(TestRunner.java:596)
at org.testng.SuiteRunner.runTest(SuiteRunner.java:377)
at org.testng.SuiteRunner.runSequentially(SuiteRunner.java:371)
at org.testng.SuiteRunner.privateRun(SuiteRunner.java:332)
at org.testng.SuiteRunner.run(SuiteRunner.java:276)
at org.testng.SuiteRunnerWorker.runSuite(SuiteRunnerWorker.java:53)
at org.testng.SuiteRunnerWorker.run(SuiteRunnerWorker.java:96)
at org.testng.TestNG.runSuitesSequentially(TestNG.java:1212)
at org.testng.TestNG.runSuitesLocally(TestNG.java:1134)
at org.testng.TestNG.runSuites(TestNG.java:1063)
at org.testng.TestNG.run(TestNG.java:1031)
at org.apache.maven.surefire.testng.TestNGExecutor.run(TestNGExecutor.java:135)
at org.apache.maven.surefire.testng.TestNGDirectoryTestSuite.executeMulti(TestNGDirectoryTestSuite.java:193)
at org.apache.maven.surefire.testng.TestNGDirectoryTestSuite.execute(TestNGDirectoryTestSuite.java:94)
at org.apache.maven.surefire.testng.TestNGProvider.invoke(TestNGProvider.java:146)
at org.apache.maven.surefire.booter.ForkedBooter.invokeProviderInSameClassLoader(ForkedBooter.java:384)
at org.apache.maven.surefire.booter.ForkedBooter.runSuitesInProcess(ForkedBooter.java:345)
at org.apache.maven.surefire.booter.ForkedBooter.execute(ForkedBooter.java:126)
at org.apache.maven.surefire.booter.ForkedBooter.main(ForkedBooter.java:418)
]]>
            </full-stacktrace>
          </exception> <!-- java.lang.AssertionError -->
          <reporter-output>
          </reporter-output>
        </test-method> <!-- changeCurrencyTest -->
        <test-method is-config="true" signature="closeBrowser()[pri:0, instance:administration.ChangeCurrencyTest@69e308c6]" started-at="2021-12-03T17:50:58 EET" name="closeBrowser" finished-at="2021-12-03T17:50:58 EET" duration-ms="253" status="PASS">
          <reporter-output>
          </reporter-output>
        </test-method> <!-- closeBrowser -->
      </class> <!-- administration.ChangeCurrencyTest -->
      <class name="stories.OrderTwoProdUsingSearchAsLogUserTest">
        <test-method is-config="true" signature="createDriver()[pri:0, instance:stories.OrderTwoProdUsingSearchAsLogUserTest@2f6bcf87]" started-at="2021-12-03T17:56:49 EET" name="createDriver" finished-at="2021-12-03T17:56:51 EET" duration-ms="1765" status="PASS">
          <reporter-output>
          </reporter-output>
        </test-method> <!-- createDriver -->
        <test-method signature="loginUserWithInWishListPage()[pri:0, instance:stories.OrderTwoProdUsingSearchAsLogUserTest@2f6bcf87]" started-at="2021-12-03T17:56:51 EET" name="loginUserWithInWishListPage" finished-at="2021-12-03T17:56:56 EET" duration-ms="4893" status="PASS">
          <reporter-output>
          </reporter-output>
        </test-method> <!-- loginUserWithInWishListPage -->
        <test-method signature="searchElementAndAddToCard()[pri:0, instance:stories.OrderTwoProdUsingSearchAsLogUserTest@2f6bcf87]" started-at="2021-12-03T17:56:56 EET" name="searchElementAndAddToCard" finished-at="2021-12-03T17:57:00 EET" duration-ms="4042" status="PASS">
          <reporter-output>
          </reporter-output>
        </test-method> <!-- searchElementAndAddToCard -->
        <test-method signature="stepCheckoutPerson()[pri:0, instance:stories.OrderTwoProdUsingSearchAsLogUserTest@2f6bcf87]" started-at="2021-12-03T17:57:00 EET" name="stepCheckoutPerson" finished-at="2021-12-03T17:57:13 EET" duration-ms="12937" status="PASS">
          <reporter-output>
          </reporter-output>
        </test-method> <!-- stepCheckoutPerson -->
        <test-method is-config="true" signature="closeBrowser()[pri:0, instance:stories.OrderTwoProdUsingSearchAsLogUserTest@2f6bcf87]" started-at="2021-12-03T17:57:13 EET" name="closeBrowser" finished-at="2021-12-03T17:57:13 EET" duration-ms="301" status="PASS">
          <reporter-output>
          </reporter-output>
        </test-method> <!-- closeBrowser -->
      </class> <!-- stories.OrderTwoProdUsingSearchAsLogUserTest -->
      <class name="SearchAdd4ProductTest">
        <test-method is-config="true" signature="createDriver()[pri:0, instance:SearchAdd4ProductTest@4351171a]" started-at="2021-12-03T17:52:00 EET" name="createDriver" finished-at="2021-12-03T17:52:01 EET" duration-ms="1467" status="PASS">
          <reporter-output>
          </reporter-output>
        </test-method> <!-- createDriver -->
        <test-method signature="search4ProductAndAddToCart()[pri:0, instance:SearchAdd4ProductTest@4351171a]" started-at="2021-12-03T17:52:01 EET" name="search4ProductAndAddToCart" finished-at="2021-12-03T17:52:20 EET" duration-ms="18735" status="PASS">
          <reporter-output>
          </reporter-output>
        </test-method> <!-- search4ProductAndAddToCart -->
        <test-method is-config="true" signature="closeBrowser()[pri:0, instance:SearchAdd4ProductTest@4351171a]" started-at="2021-12-03T17:52:20 EET" name="closeBrowser" finished-at="2021-12-03T17:52:20 EET" duration-ms="289" status="PASS">
          <reporter-output>
          </reporter-output>
        </test-method> <!-- closeBrowser -->
      </class> <!-- SearchAdd4ProductTest -->
      <class name="SearchTest">
        <test-method is-config="true" signature="createDriver()[pri:0, instance:SearchTest@3c2772d1]" started-at="2021-12-03T17:52:20 EET" name="createDriver" finished-at="2021-12-03T17:52:22 EET" duration-ms="1623" status="PASS">
          <reporter-output>
          </reporter-output>
        </test-method> <!-- createDriver -->
        <test-method signature="searchProductNegativeTest()[pri:0, instance:SearchTest@3c2772d1]" started-at="2021-12-03T17:52:22 EET" name="searchProductNegativeTest" finished-at="2021-12-03T17:52:25 EET" duration-ms="3743" status="PASS">
          <reporter-output>
          </reporter-output>
        </test-method> <!-- searchProductNegativeTest -->
        <test-method signature="searchProductPositiveTest()[pri:0, instance:SearchTest@3c2772d1]" started-at="2021-12-03T17:52:25 EET" name="searchProductPositiveTest" finished-at="2021-12-03T17:52:28 EET" duration-ms="2818" status="PASS">
          <reporter-output>
          </reporter-output>
        </test-method> <!-- searchProductPositiveTest -->
        <test-method is-config="true" signature="closeBrowser()[pri:0, instance:SearchTest@3c2772d1]" started-at="2021-12-03T17:52:28 EET" name="closeBrowser" finished-at="2021-12-03T17:52:29 EET" duration-ms="298" status="PASS">
          <reporter-output>
          </reporter-output>
        </test-method> <!-- closeBrowser -->
      </class> <!-- SearchTest -->
      <class name="stories.OrderTreeProdUsingSearchAsLogUserTest">
        <test-method is-config="true" signature="createDriver()[pri:0, instance:stories.OrderTreeProdUsingSearchAsLogUserTest@3c5a54b7]" started-at="2021-12-03T17:55:16 EET" name="createDriver" finished-at="2021-12-03T17:55:18 EET" duration-ms="1733" status="PASS">
          <reporter-output>
          </reporter-output>
        </test-method> <!-- createDriver -->
        <test-method signature="loginUserWithInWishListPage()[pri:0, instance:stories.OrderTreeProdUsingSearchAsLogUserTest@3c5a54b7]" started-at="2021-12-03T17:55:18 EET" name="loginUserWithInWishListPage" finished-at="2021-12-03T17:55:22 EET" duration-ms="4681" status="PASS">
          <reporter-output>
          </reporter-output>
        </test-method> <!-- loginUserWithInWishListPage -->
        <test-method signature="searchElementAndAddToCard()[pri:0, instance:stories.OrderTreeProdUsingSearchAsLogUserTest@3c5a54b7]" started-at="2021-12-03T17:55:22 EET" name="searchElementAndAddToCard" finished-at="2021-12-03T17:55:28 EET" duration-ms="5788" status="PASS">
          <reporter-output>
          </reporter-output>
        </test-method> <!-- searchElementAndAddToCard -->
        <test-method signature="stepCheckoutPerson()[pri:0, instance:stories.OrderTreeProdUsingSearchAsLogUserTest@3c5a54b7]" started-at="2021-12-03T17:55:28 EET" name="stepCheckoutPerson" finished-at="2021-12-03T17:55:41 EET" duration-ms="12856" status="PASS">
          <reporter-output>
          </reporter-output>
        </test-method> <!-- stepCheckoutPerson -->
        <test-method is-config="true" signature="closeBrowser()[pri:0, instance:stories.OrderTreeProdUsingSearchAsLogUserTest@3c5a54b7]" started-at="2021-12-03T17:55:41 EET" name="closeBrowser" finished-at="2021-12-03T17:55:41 EET" duration-ms="265" status="PASS">
          <reporter-output>
          </reporter-output>
        </test-method> <!-- closeBrowser -->
      </class> <!-- stories.OrderTreeProdUsingSearchAsLogUserTest -->
      <class name="stories.OrderOneProdUsingProductPageAsLogUserTest">
        <test-method is-config="true" signature="createDriver()[pri:0, instance:stories.OrderOneProdUsingProductPageAsLogUserTest@89c65d5]" started-at="2021-12-03T17:53:18 EET" name="createDriver" finished-at="2021-12-03T17:53:20 EET" duration-ms="1687" status="PASS">
          <reporter-output>
          </reporter-output>
        </test-method> <!-- createDriver -->
        <test-method signature="addProductToShoppingCartByProdPageTest()[pri:0, instance:stories.OrderOneProdUsingProductPageAsLogUserTest@89c65d5]" started-at="2021-12-03T17:53:20 EET" name="addProductToShoppingCartByProdPageTest" finished-at="2021-12-03T17:53:25 EET" duration-ms="5699" status="PASS">
          <reporter-output>
          </reporter-output>
        </test-method> <!-- addProductToShoppingCartByProdPageTest -->
        <test-method signature="loginUserWithInWishListPage()[pri:0, instance:stories.OrderOneProdUsingProductPageAsLogUserTest@89c65d5]" started-at="2021-12-03T17:53:25 EET" name="loginUserWithInWishListPage" finished-at="2021-12-03T17:53:28 EET" duration-ms="2758" status="PASS">
          <reporter-output>
          </reporter-output>
        </test-method> <!-- loginUserWithInWishListPage -->
        <test-method signature="stepCheckoutPerson()[pri:0, instance:stories.OrderOneProdUsingProductPageAsLogUserTest@89c65d5]" started-at="2021-12-03T17:53:28 EET" name="stepCheckoutPerson" finished-at="2021-12-03T17:53:40 EET" duration-ms="12316" status="PASS">
          <reporter-output>
          </reporter-output>
        </test-method> <!-- stepCheckoutPerson -->
        <test-method is-config="true" signature="closeBrowser()[pri:0, instance:stories.OrderOneProdUsingProductPageAsLogUserTest@89c65d5]" started-at="2021-12-03T17:53:40 EET" name="closeBrowser" finished-at="2021-12-03T17:53:41 EET" duration-ms="330" status="PASS">
          <reporter-output>
          </reporter-output>
        </test-method> <!-- closeBrowser -->
      </class> <!-- stories.OrderOneProdUsingProductPageAsLogUserTest -->
      <class name="stories.OrderTwoProdUsingWishlistAsLogUserTest">
        <test-method is-config="true" signature="createDriver()[pri:0, instance:stories.OrderTwoProdUsingWishlistAsLogUserTest@58f174d9]" started-at="2021-12-03T17:57:13 EET" name="createDriver" finished-at="2021-12-03T17:57:15 EET" duration-ms="2126" status="PASS">
          <reporter-output>
          </reporter-output>
        </test-method> <!-- createDriver -->
        <test-method signature="loginUserWithInWishListPage()[pri:0, instance:stories.OrderTwoProdUsingWishlistAsLogUserTest@58f174d9]" started-at="2021-12-03T17:57:15 EET" name="loginUserWithInWishListPage" finished-at="2021-12-03T17:57:20 EET" duration-ms="4563" status="PASS">
          <reporter-output>
          </reporter-output>
        </test-method> <!-- loginUserWithInWishListPage -->
        <test-method signature="searchElementAndAddToWishlist()[pri:0, instance:stories.OrderTwoProdUsingWishlistAsLogUserTest@58f174d9]" started-at="2021-12-03T17:57:20 EET" name="searchElementAndAddToWishlist" finished-at="2021-12-03T17:57:23 EET" duration-ms="3428" status="PASS">
          <reporter-output>
          </reporter-output>
        </test-method> <!-- searchElementAndAddToWishlist -->
        <test-method signature="searchElementAndAddToWishlist2()[pri:0, instance:stories.OrderTwoProdUsingWishlistAsLogUserTest@58f174d9]" started-at="2021-12-03T17:57:23 EET" name="searchElementAndAddToWishlist2" finished-at="2021-12-03T17:57:27 EET" duration-ms="3351" status="PASS">
          <reporter-output>
          </reporter-output>
        </test-method> <!-- searchElementAndAddToWishlist2 -->
        <test-method signature="stepCheckoutPerson()[pri:0, instance:stories.OrderTwoProdUsingWishlistAsLogUserTest@58f174d9]" started-at="2021-12-03T17:57:27 EET" name="stepCheckoutPerson" finished-at="2021-12-03T17:58:18 EET" duration-ms="51648" status="PASS">
          <reporter-output>
          </reporter-output>
        </test-method> <!-- stepCheckoutPerson -->
        <test-method is-config="true" signature="closeBrowser()[pri:0, instance:stories.OrderTwoProdUsingWishlistAsLogUserTest@58f174d9]" started-at="2021-12-03T17:58:18 EET" name="closeBrowser" finished-at="2021-12-03T17:58:19 EET" duration-ms="310" status="PASS">
          <reporter-output>
          </reporter-output>
        </test-method> <!-- closeBrowser -->
      </class> <!-- stories.OrderTwoProdUsingWishlistAsLogUserTest -->
      <class name="stories.OrderOneProdUsingSearchAsGuestUserTest">
        <test-method is-config="true" signature="createDriver()[pri:0, instance:stories.OrderOneProdUsingSearchAsGuestUserTest@faa3fed]" started-at="2021-12-03T17:53:41 EET" name="createDriver" finished-at="2021-12-03T17:53:43 EET" duration-ms="1970" status="PASS">
          <reporter-output>
          </reporter-output>
        </test-method> <!-- createDriver -->
        <test-method signature="searchElementAndAddToCard()[pri:0, instance:stories.OrderOneProdUsingSearchAsGuestUserTest@faa3fed]" started-at="2021-12-03T17:53:43 EET" name="searchElementAndAddToCard" finished-at="2021-12-03T17:53:47 EET" duration-ms="4658" status="PASS">
          <reporter-output>
          </reporter-output>
        </test-method> <!-- searchElementAndAddToCard -->
        <test-method signature="searchEoCard()[pri:0, instance:stories.OrderOneProdUsingSearchAsGuestUserTest@faa3fed]" started-at="2021-12-03T17:53:47 EET" name="searchEoCard" finished-at="2021-12-03T17:54:00 EET" duration-ms="12638" status="PASS">
          <reporter-output>
          </reporter-output>
        </test-method> <!-- searchEoCard -->
        <test-method is-config="true" signature="closeBrowser()[pri:0, instance:stories.OrderOneProdUsingSearchAsGuestUserTest@faa3fed]" started-at="2021-12-03T17:54:00 EET" name="closeBrowser" finished-at="2021-12-03T17:54:00 EET" duration-ms="524" status="PASS">
          <reporter-output>
          </reporter-output>
        </test-method> <!-- closeBrowser -->
      </class> <!-- stories.OrderOneProdUsingSearchAsGuestUserTest -->
      <class name="AddOneProdToCompareTest">
        <test-method is-config="true" signature="createDriver()[pri:0, instance:AddOneProdToCompareTest@294bdeb4]" started-at="2021-12-03T17:49:17 EET" name="createDriver" finished-at="2021-12-03T17:49:19 EET" duration-ms="1946" status="PASS">
          <reporter-output>
          </reporter-output>
        </test-method> <!-- createDriver -->
        <test-method signature="searchByMenuAndAddToCompare()[pri:0, instance:AddOneProdToCompareTest@294bdeb4]" started-at="2021-12-03T17:49:19 EET" name="searchByMenuAndAddToCompare" finished-at="2021-12-03T17:49:25 EET" duration-ms="5517" status="PASS">
          <reporter-output>
          </reporter-output>
        </test-method> <!-- searchByMenuAndAddToCompare -->
        <test-method is-config="true" signature="closeBrowser()[pri:0, instance:AddOneProdToCompareTest@294bdeb4]" started-at="2021-12-03T17:49:25 EET" name="closeBrowser" finished-at="2021-12-03T17:49:25 EET" duration-ms="315" status="PASS">
          <reporter-output>
          </reporter-output>
        </test-method> <!-- closeBrowser -->
      </class> <!-- AddOneProdToCompareTest -->
      <class name="administration.DeleteCurrencyTest">
        <test-method is-config="true" signature="addNewCurrency()[pri:0, instance:administration.DeleteCurrencyTest@667e34b1]" started-at="2021-12-03T17:48:05 EET" name="addNewCurrency" finished-at="2021-12-03T17:48:14 EET" duration-ms="8762" status="PASS">
          <reporter-output>
          </reporter-output>
        </test-method> <!-- addNewCurrency -->
        <test-method is-config="true" signature="createDriver()[pri:0, instance:administration.DeleteCurrencyTest@667e34b1]" started-at="2021-12-03T17:51:13 EET" name="createDriver" finished-at="2021-12-03T17:51:15 EET" duration-ms="1496" status="PASS">
          <reporter-output>
          </reporter-output>
        </test-method> <!-- createDriver -->
        <test-method signature="deleteCurrencyTest()[pri:0, instance:administration.DeleteCurrencyTest@667e34b1]" started-at="2021-12-03T17:51:15 EET" name="deleteCurrencyTest" finished-at="2021-12-03T17:51:20 EET" duration-ms="5619" status="PASS">
          <reporter-output>
          </reporter-output>
        </test-method> <!-- deleteCurrencyTest -->
        <test-method is-config="true" signature="closeBrowser()[pri:0, instance:administration.DeleteCurrencyTest@667e34b1]" started-at="2021-12-03T17:51:20 EET" name="closeBrowser" finished-at="2021-12-03T17:51:21 EET" duration-ms="246" status="PASS">
          <reporter-output>
          </reporter-output>
        </test-method> <!-- closeBrowser -->
      </class> <!-- administration.DeleteCurrencyTest -->
      <class name="stories.OrderOneProdUsingComparisonAsGuestUserTest">
        <test-method is-config="true" signature="setup(org.testng.ITestContext)[pri:0, instance:stories.OrderOneProdUsingComparisonAsGuestUserTest@37d00a23]" started-at="2021-12-03T17:47:43 EET" name="setup" finished-at="2021-12-03T17:47:43 EET" duration-ms="31" status="PASS">
          <params>
            <param index="0">
              <value>
                <![CDATA[org.testng.TestRunner@31151547]]>
              </value>
            </param>
          </params>
          <reporter-output>
          </reporter-output>
        </test-method> <!-- setup -->
        <test-method is-config="true" signature="createDriver()[pri:0, instance:stories.OrderOneProdUsingComparisonAsGuestUserTest@37d00a23]" started-at="2021-12-03T17:52:29 EET" name="createDriver" finished-at="2021-12-03T17:52:31 EET" duration-ms="2058" status="PASS">
          <reporter-output>
          </reporter-output>
        </test-method> <!-- createDriver -->
        <test-method retried="true" signature="searchByMenuAndAddToCompare()[pri:0, instance:stories.OrderOneProdUsingComparisonAsGuestUserTest@37d00a23]" started-at="2021-12-03T17:52:31 EET" name="searchByMenuAndAddToCompare" finished-at="2021-12-03T17:52:36 EET" duration-ms="5192" status="SKIP">
          <exception class="org.openqa.selenium.NoSuchElementException">
            <message>
              <![CDATA[no such element: Unable to locate element: {"method":"xpath","selector":".//a[text()='product comparison']"}
  (Session info: chrome=96.0.4664.45)
For documentation on this error, please visit: https://www.seleniumhq.org/exceptions/no_such_element.html
Build info: version: '3.141.59', revision: 'e82be7d358', time: '2018-11-14T08:17:03'
System info: host: 'DESKTOP-QKRRSS8', ip: '192.168.1.7', os.name: 'Windows 10', os.arch: 'amd64', os.version: '10.0', java.version: '17'
Driver info: org.openqa.selenium.chrome.ChromeDriver
Capabilities {acceptInsecureCerts: false, browserName: chrome, browserVersion: 96.0.4664.45, chrome: {chromedriverVersion: 96.0.4664.45 (76e4c1bb2ab46..., userDataDir: C:\Users\1\AppData\Local\Te...}, goog:chromeOptions: {debuggerAddress: localhost:52030}, javascriptEnabled: true, networkConnectionEnabled: false, pageLoadStrategy: normal, platform: WINDOWS, platformName: WINDOWS, proxy: Proxy(), setWindowRect: true, strictFileInteractability: false, timeouts: {implicit: 0, pageLoad: 300000, script: 30000}, unhandledPromptBehavior: dismiss and notify, webauthn:extension:credBlob: true, webauthn:extension:largeBlob: true, webauthn:virtualAuthenticators: true}
Session ID: 3b550c432919fca06637483825191719
*** Element info: {Using=xpath, value=.//a[text()='product comparison']}]]>
            </message>
            <full-stacktrace>
              <![CDATA[org.openqa.selenium.NoSuchElementException: no such element: Unable to locate element: {"method":"xpath","selector":".//a[text()='product comparison']"}
  (Session info: chrome=96.0.4664.45)
For documentation on this error, please visit: https://www.seleniumhq.org/exceptions/no_such_element.html
Build info: version: '3.141.59', revision: 'e82be7d358', time: '2018-11-14T08:17:03'
System info: host: 'DESKTOP-QKRRSS8', ip: '192.168.1.7', os.name: 'Windows 10', os.arch: 'amd64', os.version: '10.0', java.version: '17'
Driver info: org.openqa.selenium.chrome.ChromeDriver
Capabilities {acceptInsecureCerts: false, browserName: chrome, browserVersion: 96.0.4664.45, chrome: {chromedriverVersion: 96.0.4664.45 (76e4c1bb2ab46..., userDataDir: C:\Users\1\AppData\Local\Te...}, goog:chromeOptions: {debuggerAddress: localhost:52030}, javascriptEnabled: true, networkConnectionEnabled: false, pageLoadStrategy: normal, platform: WINDOWS, platformName: WINDOWS, proxy: Proxy(), setWindowRect: true, strictFileInteractability: false, timeouts: {implicit: 0, pageLoad: 300000, script: 30000}, unhandledPromptBehavior: dismiss and notify, webauthn:extension:credBlob: true, webauthn:extension:largeBlob: true, webauthn:virtualAuthenticators: true}
Session ID: 3b550c432919fca06637483825191719
*** Element info: {Using=xpath, value=.//a[text()='product comparison']}
at jdk.internal.reflect.GeneratedConstructorAccessor20.newInstance(Unknown Source)
at java.base/jdk.internal.reflect.DelegatingConstructorAccessorImpl.newInstance(DelegatingConstructorAccessorImpl.java:45)
at java.base/java.lang.reflect.Constructor.newInstanceWithCaller(Constructor.java:499)
at java.base/java.lang.reflect.Constructor.newInstance(Constructor.java:480)
at org.openqa.selenium.remote.http.W3CHttpResponseCodec.createException(W3CHttpResponseCodec.java:187)
at org.openqa.selenium.remote.http.W3CHttpResponseCodec.decode(W3CHttpResponseCodec.java:122)
at org.openqa.selenium.remote.http.W3CHttpResponseCodec.decode(W3CHttpResponseCodec.java:49)
at org.openqa.selenium.remote.HttpCommandExecutor.execute(HttpCommandExecutor.java:158)
at org.openqa.selenium.remote.service.DriverCommandExecutor.execute(DriverCommandExecutor.java:83)
at org.openqa.selenium.remote.RemoteWebDriver.execute(RemoteWebDriver.java:552)
at org.openqa.selenium.remote.RemoteWebDriver.findElement(RemoteWebDriver.java:323)
at org.openqa.selenium.remote.RemoteWebDriver.findElementByXPath(RemoteWebDriver.java:428)
at org.openqa.selenium.By$ByXPath.findElement(By.java:353)
at org.openqa.selenium.remote.RemoteWebDriver.findElement(RemoteWebDriver.java:315)
at pages.AddToComparePage.getProductComparisonMac(AddToComparePage.java:64)
at steps.menu.AddToComparePageBL.clickOnProductComparisonMac(AddToComparePageBL.java:69)
at stories.OrderOneProdUsingComparisonAsGuestUserTest.searchByMenuAndAddToCompare(OrderOneProdUsingComparisonAsGuestUserTest.java:21)
at java.base/jdk.internal.reflect.NativeMethodAccessorImpl.invoke0(Native Method)
at java.base/jdk.internal.reflect.NativeMethodAccessorImpl.invoke(NativeMethodAccessorImpl.java:77)
at java.base/jdk.internal.reflect.DelegatingMethodAccessorImpl.invoke(DelegatingMethodAccessorImpl.java:43)
at java.base/java.lang.reflect.Method.invoke(Method.java:568)
at org.testng.internal.MethodInvocationHelper.invokeMethod(MethodInvocationHelper.java:133)
at org.testng.internal.TestInvoker.invokeMethod(TestInvoker.java:598)
at org.testng.internal.TestInvoker.invokeTestMethod(TestInvoker.java:173)
at org.testng.internal.MethodRunner.runInSequence(MethodRunner.java:46)
at org.testng.internal.TestInvoker$MethodInvocationAgent.invoke(TestInvoker.java:824)
at org.testng.internal.TestInvoker.invokeTestMethods(TestInvoker.java:146)
at org.testng.internal.TestMethodWorker.invokeTestMethods(TestMethodWorker.java:146)
at org.testng.internal.TestMethodWorker.run(TestMethodWorker.java:128)
at java.base/java.util.ArrayList.forEach(ArrayList.java:1511)
at org.testng.TestRunner.privateRun(TestRunner.java:794)
at org.testng.TestRunner.run(TestRunner.java:596)
at org.testng.SuiteRunner.runTest(SuiteRunner.java:377)
at org.testng.SuiteRunner.runSequentially(SuiteRunner.java:371)
at org.testng.SuiteRunner.privateRun(SuiteRunner.java:332)
at org.testng.SuiteRunner.run(SuiteRunner.java:276)
at org.testng.SuiteRunnerWorker.runSuite(SuiteRunnerWorker.java:53)
at org.testng.SuiteRunnerWorker.run(SuiteRunnerWorker.java:96)
at org.testng.TestNG.runSuitesSequentially(TestNG.java:1212)
at org.testng.TestNG.runSuitesLocally(TestNG.java:1134)
at org.testng.TestNG.runSuites(TestNG.java:1063)
at org.testng.TestNG.run(TestNG.java:1031)
at org.apache.maven.surefire.testng.TestNGExecutor.run(TestNGExecutor.java:135)
at org.apache.maven.surefire.testng.TestNGDirectoryTestSuite.executeMulti(TestNGDirectoryTestSuite.java:193)
at org.apache.maven.surefire.testng.TestNGDirectoryTestSuite.execute(TestNGDirectoryTestSuite.java:94)
at org.apache.maven.surefire.testng.TestNGProvider.invoke(TestNGProvider.java:146)
at org.apache.maven.surefire.booter.ForkedBooter.invokeProviderInSameClassLoader(ForkedBooter.java:384)
at org.apache.maven.surefire.booter.ForkedBooter.runSuitesInProcess(ForkedBooter.java:345)
at org.apache.maven.surefire.booter.ForkedBooter.execute(ForkedBooter.java:126)
at org.apache.maven.surefire.booter.ForkedBooter.main(ForkedBooter.java:418)
]]>
            </full-stacktrace>
          </exception> <!-- org.openqa.selenium.NoSuchElementException -->
          <reporter-output>
          </reporter-output>
        </test-method> <!-- searchByMenuAndAddToCompare -->
        <test-method signature="searchByMenuAndAddToCompare()[pri:0, instance:stories.OrderOneProdUsingComparisonAsGuestUserTest@37d00a23]" started-at="2021-12-03T17:52:36 EET" name="searchByMenuAndAddToCompare" finished-at="2021-12-03T17:52:40 EET" duration-ms="3989" status="PASS">
          <reporter-output>
          </reporter-output>
        </test-method> <!-- searchByMenuAndAddToCompare -->
        <test-method signature="stepCheckoutPerson()[pri:0, instance:stories.OrderOneProdUsingComparisonAsGuestUserTest@37d00a23]" started-at="2021-12-03T17:52:40 EET" name="stepCheckoutPerson" finished-at="2021-12-03T17:52:52 EET" duration-ms="12655" status="PASS">
          <reporter-output>
          </reporter-output>
        </test-method> <!-- stepCheckoutPerson -->
        <test-method is-config="true" signature="closeBrowser()[pri:0, instance:stories.OrderOneProdUsingComparisonAsGuestUserTest@37d00a23]" started-at="2021-12-03T17:52:52 EET" name="closeBrowser" finished-at="2021-12-03T17:52:53 EET" duration-ms="313" status="PASS">
          <reporter-output>
          </reporter-output>
        </test-method> <!-- closeBrowser -->
      </class> <!-- stories.OrderOneProdUsingComparisonAsGuestUserTest -->
      <class name="AddFourProdToWishlistTest">
        <test-method is-config="true" signature="setup(org.testng.ITestContext)[pri:0, instance:AddFourProdToWishlistTest@65f00478]" started-at="2021-12-03T17:47:43 EET" name="setup" finished-at="2021-12-03T17:47:43 EET" duration-ms="16" status="PASS">
          <params>
            <param index="0">
              <value>
                <![CDATA[org.testng.TestRunner@31151547]]>
              </value>
            </param>
          </params>
          <reporter-output>
          </reporter-output>
        </test-method> <!-- setup -->
        <test-method is-config="true" signature="createDriver()[pri:0, instance:AddFourProdToWishlistTest@65f00478]" started-at="2021-12-03T17:48:49 EET" name="createDriver" finished-at="2021-12-03T17:48:50 EET" duration-ms="1294" status="PASS">
          <reporter-output>
          </reporter-output>
        </test-method> <!-- createDriver -->
        <test-method signature="loginUserWithInWishListPage()[pri:0, instance:AddFourProdToWishlistTest@65f00478]" started-at="2021-12-03T17:48:50 EET" name="loginUserWithInWishListPage" finished-at="2021-12-03T17:48:54 EET" duration-ms="4291" status="PASS">
          <reporter-output>
          </reporter-output>
        </test-method> <!-- loginUserWithInWishListPage -->
        <test-method signature="searchElementAndAddToWishlist()[pri:0, instance:AddFourProdToWishlistTest@65f00478]" started-at="2021-12-03T17:48:55 EET" name="searchElementAndAddToWishlist" finished-at="2021-12-03T17:49:01 EET" duration-ms="6804" status="PASS">
          <reporter-output>
          </reporter-output>
        </test-method> <!-- searchElementAndAddToWishlist -->
        <test-method is-config="true" signature="closeBrowser()[pri:0, instance:AddFourProdToWishlistTest@65f00478]" started-at="2021-12-03T17:49:01 EET" name="closeBrowser" finished-at="2021-12-03T17:49:02 EET" duration-ms="235" status="PASS">
          <reporter-output>
          </reporter-output>
        </test-method> <!-- closeBrowser -->
      </class> <!-- AddFourProdToWishlistTest -->
      <class name="stories.OrderTreeProdUsingWishlistAsLogUserTest">
        <test-method is-config="true" signature="createDriver()[pri:0, instance:stories.OrderTreeProdUsingWishlistAsLogUserTest@61f2c3f0]" started-at="2021-12-03T17:55:41 EET" name="createDriver" finished-at="2021-12-03T17:55:43 EET" duration-ms="1576" status="PASS">
          <reporter-output>
          </reporter-output>
        </test-method> <!-- createDriver -->
        <test-method signature="loginUserWithInWishListPage()[pri:0, instance:stories.OrderTreeProdUsingWishlistAsLogUserTest@61f2c3f0]" started-at="2021-12-03T17:55:43 EET" name="loginUserWithInWishListPage" finished-at="2021-12-03T17:55:49 EET" duration-ms="6125" status="PASS">
          <reporter-output>
          </reporter-output>
        </test-method> <!-- loginUserWithInWishListPage -->
        <test-method signature="searchElementAndAddToWishlist()[pri:0, instance:stories.OrderTreeProdUsingWishlistAsLogUserTest@61f2c3f0]" started-at="2021-12-03T17:55:49 EET" name="searchElementAndAddToWishlist" finished-at="2021-12-03T17:55:52 EET" duration-ms="3364" status="PASS">
          <reporter-output>
          </reporter-output>
        </test-method> <!-- searchElementAndAddToWishlist -->
        <test-method signature="searchElementAndAddToWishlist2()[pri:0, instance:stories.OrderTreeProdUsingWishlistAsLogUserTest@61f2c3f0]" started-at="2021-12-03T17:55:52 EET" name="searchElementAndAddToWishlist2" finished-at="2021-12-03T17:55:56 EET" duration-ms="3376" status="PASS">
          <reporter-output>
          </reporter-output>
        </test-method> <!-- searchElementAndAddToWishlist2 -->
        <test-method signature="searchElementAndAddToWishlist3()[pri:0, instance:stories.OrderTreeProdUsingWishlistAsLogUserTest@61f2c3f0]" started-at="2021-12-03T17:55:56 EET" name="searchElementAndAddToWishlist3" finished-at="2021-12-03T17:55:59 EET" duration-ms="3307" status="PASS">
          <reporter-output>
          </reporter-output>
        </test-method> <!-- searchElementAndAddToWishlist3 -->
        <test-method signature="stepCheckoutPerson()[pri:0, instance:stories.OrderTreeProdUsingWishlistAsLogUserTest@61f2c3f0]" started-at="2021-12-03T17:55:59 EET" name="stepCheckoutPerson" finished-at="2021-12-03T17:56:22 EET" duration-ms="23469" status="PASS">
          <reporter-output>
          </reporter-output>
        </test-method> <!-- stepCheckoutPerson -->
        <test-method is-config="true" signature="closeBrowser()[pri:0, instance:stories.OrderTreeProdUsingWishlistAsLogUserTest@61f2c3f0]" started-at="2021-12-03T17:56:22 EET" name="closeBrowser" finished-at="2021-12-03T17:56:23 EET" duration-ms="258" status="PASS">
          <reporter-output>
          </reporter-output>
        </test-method> <!-- closeBrowser -->
      </class> <!-- stories.OrderTreeProdUsingWishlistAsLogUserTest -->
      <class name="stories.OrderOneProdUsingProdComparisonAsLogUserTest">
        <test-method is-config="true" signature="createDriver()[pri:0, instance:stories.OrderOneProdUsingProdComparisonAsLogUserTest@433e536f]" started-at="2021-12-03T17:52:53 EET" name="createDriver" finished-at="2021-12-03T17:52:55 EET" duration-ms="1757" status="PASS">
          <reporter-output>
          </reporter-output>
        </test-method> <!-- createDriver -->
        <test-method signature="loginUserWithInWishListPage()[pri:0, instance:stories.OrderOneProdUsingProdComparisonAsLogUserTest@433e536f]" started-at="2021-12-03T17:52:55 EET" name="loginUserWithInWishListPage" finished-at="2021-12-03T17:52:59 EET" duration-ms="4916" status="PASS">
          <reporter-output>
          </reporter-output>
        </test-method> <!-- loginUserWithInWishListPage -->
        <test-method signature="searchByMenuAndAddToCompare()[pri:0, instance:stories.OrderOneProdUsingProdComparisonAsLogUserTest@433e536f]" started-at="2021-12-03T17:52:59 EET" name="searchByMenuAndAddToCompare" finished-at="2021-12-03T17:53:04 EET" duration-ms="4686" status="PASS">
          <reporter-output>
          </reporter-output>
        </test-method> <!-- searchByMenuAndAddToCompare -->
        <test-method signature="stepCheckoutPerson()[pri:0, instance:stories.OrderOneProdUsingProdComparisonAsLogUserTest@433e536f]" started-at="2021-12-03T17:53:04 EET" name="stepCheckoutPerson" finished-at="2021-12-03T17:53:17 EET" duration-ms="12995" status="PASS">
          <reporter-output>
          </reporter-output>
        </test-method> <!-- stepCheckoutPerson -->
        <test-method is-config="true" signature="closeBrowser()[pri:0, instance:stories.OrderOneProdUsingProdComparisonAsLogUserTest@433e536f]" started-at="2021-12-03T17:53:17 EET" name="closeBrowser" finished-at="2021-12-03T17:53:18 EET" duration-ms="693" status="PASS">
          <reporter-output>
          </reporter-output>
        </test-method> <!-- closeBrowser -->
      </class> <!-- stories.OrderOneProdUsingProdComparisonAsLogUserTest -->
      <class name="AddSixProdToCompareTest">
        <test-method is-config="true" signature="createDriver()[pri:0, instance:AddSixProdToCompareTest@1f86099a]" started-at="2021-12-03T17:49:34 EET" name="createDriver" finished-at="2021-12-03T17:49:35 EET" duration-ms="1539" status="PASS">
          <reporter-output>
          </reporter-output>
        </test-method> <!-- createDriver -->
        <test-method signature="searchElementAndAddToCompare()[pri:0, instance:AddSixProdToCompareTest@1f86099a]" started-at="2021-12-03T17:49:35 EET" name="searchElementAndAddToCompare" finished-at="2021-12-03T17:49:54 EET" duration-ms="19176" status="PASS">
          <reporter-output>
          </reporter-output>
        </test-method> <!-- searchElementAndAddToCompare -->
        <test-method is-config="true" signature="closeBrowser()[pri:0, instance:AddSixProdToCompareTest@1f86099a]" started-at="2021-12-03T17:49:54 EET" name="closeBrowser" finished-at="2021-12-03T17:49:55 EET" duration-ms="288" status="PASS">
          <reporter-output>
          </reporter-output>
        </test-method> <!-- closeBrowser -->
      </class> <!-- AddSixProdToCompareTest -->
      <class name="administration.EditTaxTest">
        <test-method is-config="true" signature="addTaxClassesAndTaxRates()[pri:0, instance:administration.EditTaxTest@1efdcd5]" started-at="2021-12-03T17:48:35 EET" name="addTaxClassesAndTaxRates" finished-at="2021-12-03T17:48:49 EET" duration-ms="13393" status="PASS">
          <reporter-output>
          </reporter-output>
        </test-method> <!-- addTaxClassesAndTaxRates -->
        <test-method is-config="true" signature="createDriver()[pri:0, instance:administration.EditTaxTest@1efdcd5]" started-at="2021-12-03T17:51:42 EET" name="createDriver" finished-at="2021-12-03T17:51:44 EET" duration-ms="1428" status="PASS">
          <reporter-output>
          </reporter-output>
        </test-method> <!-- createDriver -->
        <test-method signature="editTaxClassesTest()[pri:0, instance:administration.EditTaxTest@1efdcd5]" started-at="2021-12-03T17:51:44 EET" name="editTaxClassesTest" finished-at="2021-12-03T17:51:51 EET" duration-ms="7680" status="PASS">
          <reporter-output>
          </reporter-output>
        </test-method> <!-- editTaxClassesTest -->
        <test-method is-config="true" signature="closeBrowser()[pri:0, instance:administration.EditTaxTest@1efdcd5]" started-at="2021-12-03T17:51:51 EET" name="closeBrowser" finished-at="2021-12-03T17:51:52 EET" duration-ms="254" status="PASS">
          <reporter-output>
          </reporter-output>
        </test-method> <!-- closeBrowser -->
        <test-method is-config="true" signature="deleteTaxClassesAndTaxRates()[pri:0, instance:administration.EditTaxTest@1efdcd5]" started-at="2021-12-03T17:58:56 EET" name="deleteTaxClassesAndTaxRates" finished-at="2021-12-03T17:59:03 EET" duration-ms="7119" status="PASS">
          <reporter-output>
          </reporter-output>
        </test-method> <!-- deleteTaxClassesAndTaxRates -->
      </class> <!-- administration.EditTaxTest -->
      <class name="stories.OrderTreeProdUsingProductPageAsLogUserTest">
        <test-method is-config="true" signature="createDriver()[pri:0, instance:stories.OrderTreeProdUsingProductPageAsLogUserTest@62515a47]" started-at="2021-12-03T17:54:45 EET" name="createDriver" finished-at="2021-12-03T17:54:48 EET" duration-ms="2257" status="PASS">
          <reporter-output>
          </reporter-output>
        </test-method> <!-- createDriver -->
        <test-method signature="addProductToShoppingCartByProdPageTest()[pri:0, instance:stories.OrderTreeProdUsingProductPageAsLogUserTest@62515a47]" started-at="2021-12-03T17:54:48 EET" name="addProductToShoppingCartByProdPageTest" finished-at="2021-12-03T17:54:59 EET" duration-ms="11892" status="PASS">
          <reporter-output>
          </reporter-output>
        </test-method> <!-- addProductToShoppingCartByProdPageTest -->
        <test-method signature="loginUserWithInWishListPage()[pri:0, instance:stories.OrderTreeProdUsingProductPageAsLogUserTest@62515a47]" started-at="2021-12-03T17:54:59 EET" name="loginUserWithInWishListPage" finished-at="2021-12-03T17:55:02 EET" duration-ms="2672" status="PASS">
          <reporter-output>
          </reporter-output>
        </test-method> <!-- loginUserWithInWishListPage -->
        <test-method signature="stepCheckoutPerson()[pri:0, instance:stories.OrderTreeProdUsingProductPageAsLogUserTest@62515a47]" started-at="2021-12-03T17:55:02 EET" name="stepCheckoutPerson" finished-at="2021-12-03T17:55:15 EET" duration-ms="13333" status="PASS">
          <reporter-output>
          </reporter-output>
        </test-method> <!-- stepCheckoutPerson -->
        <test-method is-config="true" signature="closeBrowser()[pri:0, instance:stories.OrderTreeProdUsingProductPageAsLogUserTest@62515a47]" started-at="2021-12-03T17:55:15 EET" name="closeBrowser" finished-at="2021-12-03T17:55:16 EET" duration-ms="435" status="PASS">
          <reporter-output>
          </reporter-output>
        </test-method> <!-- closeBrowser -->
      </class> <!-- stories.OrderTreeProdUsingProductPageAsLogUserTest -->
      <class name="AddOneProdToWishlistTest">
        <test-method is-config="true" signature="createDriver()[pri:0, instance:AddOneProdToWishlistTest@5300f14a]" started-at="2021-12-03T17:49:25 EET" name="createDriver" finished-at="2021-12-03T17:49:27 EET" duration-ms="1530" status="PASS">
          <reporter-output>
          </reporter-output>
        </test-method> <!-- createDriver -->
        <test-method signature="loginUserWithInWishListPage()[pri:0, instance:AddOneProdToWishlistTest@5300f14a]" started-at="2021-12-03T17:49:27 EET" name="loginUserWithInWishListPage" finished-at="2021-12-03T17:49:31 EET" duration-ms="4502" status="PASS">
          <reporter-output>
          </reporter-output>
        </test-method> <!-- loginUserWithInWishListPage -->
        <test-method signature="searchElementAndAddToWishlist()[pri:0, instance:AddOneProdToWishlistTest@5300f14a]" started-at="2021-12-03T17:49:31 EET" name="searchElementAndAddToWishlist" finished-at="2021-12-03T17:49:33 EET" duration-ms="2206" status="PASS">
          <reporter-output>
          </reporter-output>
        </test-method> <!-- searchElementAndAddToWishlist -->
        <test-method is-config="true" signature="closeBrowser()[pri:0, instance:AddOneProdToWishlistTest@5300f14a]" started-at="2021-12-03T17:49:33 EET" name="closeBrowser" finished-at="2021-12-03T17:49:34 EET" duration-ms="238" status="PASS">
          <reporter-output>
          </reporter-output>
        </test-method> <!-- closeBrowser -->
      </class> <!-- AddOneProdToWishlistTest -->
      <class name="AddOneComplexElementTest">
        <test-method is-config="true" signature="createDriver()[pri:0, instance:AddOneComplexElementTest@7d151a]" started-at="2021-12-03T17:49:02 EET" name="createDriver" finished-at="2021-12-03T17:49:03 EET" duration-ms="1878" status="PASS">
          <reporter-output>
          </reporter-output>
        </test-method> <!-- createDriver -->
        <test-method signature="addOneComplexElementTCartTest()[pri:0, instance:AddOneComplexElementTest@7d151a]" started-at="2021-12-03T17:49:03 EET" name="addOneComplexElementTCartTest" finished-at="2021-12-03T17:49:17 EET" duration-ms="13575" status="PASS">
          <reporter-output>
          </reporter-output>
        </test-method> <!-- addOneComplexElementTCartTest -->
        <test-method is-config="true" signature="closeBrowser()[pri:0, instance:AddOneComplexElementTest@7d151a]" started-at="2021-12-03T17:49:17 EET" name="closeBrowser" finished-at="2021-12-03T17:49:17 EET" duration-ms="297" status="PASS">
          <reporter-output>
          </reporter-output>
        </test-method> <!-- closeBrowser -->
      </class> <!-- AddOneComplexElementTest -->
      <class name="administration.DeleteTaxTest">
        <test-method is-config="true" signature="addTaxClassesAndTaxRates()[pri:0, instance:administration.DeleteTaxTest@1c6e0a08]" started-at="2021-12-03T17:48:14 EET" name="addTaxClassesAndTaxRates" finished-at="2021-12-03T17:48:27 EET" duration-ms="13483" status="PASS">
          <reporter-output>
          </reporter-output>
        </test-method> <!-- addTaxClassesAndTaxRates -->
        <test-method is-config="true" signature="createDriver()[pri:0, instance:administration.DeleteTaxTest@1c6e0a08]" started-at="2021-12-03T17:51:21 EET" name="createDriver" finished-at="2021-12-03T17:51:22 EET" duration-ms="1694" status="PASS">
          <reporter-output>
          </reporter-output>
        </test-method> <!-- createDriver -->
        <test-method signature="deleteTaxClassesTest()[pri:0, instance:administration.DeleteTaxTest@1c6e0a08]" started-at="2021-12-03T17:51:22 EET" name="deleteTaxClassesTest" finished-at="2021-12-03T17:51:28 EET" duration-ms="5673" status="PASS">
          <reporter-output>
          </reporter-output>
        </test-method> <!-- deleteTaxClassesTest -->
        <test-method signature="deleteTaxRatesTest()[pri:0, instance:administration.DeleteTaxTest@1c6e0a08]" started-at="2021-12-03T17:51:28 EET" name="deleteTaxRatesTest" finished-at="2021-12-03T17:51:32 EET" duration-ms="4195" status="PASS">
          <reporter-output>
          </reporter-output>
        </test-method> <!-- deleteTaxRatesTest -->
        <test-method is-config="true" signature="closeBrowser()[pri:0, instance:administration.DeleteTaxTest@1c6e0a08]" started-at="2021-12-03T17:51:32 EET" name="closeBrowser" finished-at="2021-12-03T17:51:32 EET" duration-ms="259" status="PASS">
          <reporter-output>
          </reporter-output>
        </test-method> <!-- closeBrowser -->
      </class> <!-- administration.DeleteTaxTest -->
      <class name="administration.AddNewCurrencyTest">
        <test-method is-config="true" signature="setup(org.testng.ITestContext)[pri:0, instance:administration.AddNewCurrencyTest@51745f40]" started-at="2021-12-03T17:47:42 EET" name="setup" finished-at="2021-12-03T17:47:43 EET" duration-ms="999" status="PASS">
          <params>
            <param index="0">
              <value>
                <![CDATA[org.testng.TestRunner@31151547]]>
              </value>
            </param>
          </params>
          <reporter-output>
          </reporter-output>
        </test-method> <!-- setup -->
        <test-method is-config="true" signature="createDriver()[pri:0, instance:administration.AddNewCurrencyTest@51745f40]" started-at="2021-12-03T17:50:25 EET" name="createDriver" finished-at="2021-12-03T17:50:26 EET" duration-ms="1419" status="PASS">
          <reporter-output>
          </reporter-output>
        </test-method> <!-- createDriver -->
        <test-method signature="addNewCurrencyTest()[pri:0, instance:administration.AddNewCurrencyTest@51745f40]" started-at="2021-12-03T17:50:26 EET" name="addNewCurrencyTest" finished-at="2021-12-03T17:50:33 EET" duration-ms="6793" status="PASS">
          <reporter-output>
          </reporter-output>
        </test-method> <!-- addNewCurrencyTest -->
        <test-method is-config="true" signature="closeBrowser()[pri:0, instance:administration.AddNewCurrencyTest@51745f40]" started-at="2021-12-03T17:50:33 EET" name="closeBrowser" finished-at="2021-12-03T17:50:34 EET" duration-ms="322" status="PASS">
          <reporter-output>
          </reporter-output>
        </test-method> <!-- closeBrowser -->
        <test-method is-config="true" signature="deleteCurrency()[pri:0, instance:administration.AddNewCurrencyTest@51745f40]" started-at="2021-12-03T17:58:29 EET" name="deleteCurrency" finished-at="2021-12-03T17:58:37 EET" duration-ms="8495" status="PASS">
          <reporter-output>
          </reporter-output>
        </test-method> <!-- deleteCurrency -->
      </class> <!-- administration.AddNewCurrencyTest -->
      <class name="stories.OrderOneProdUsingWishlistAsLogUserTest">
        <test-method is-config="true" signature="createDriver()[pri:0, instance:stories.OrderOneProdUsingWishlistAsLogUserTest@988246e]" started-at="2021-12-03T17:54:23 EET" name="createDriver" finished-at="2021-12-03T17:54:24 EET" duration-ms="1546" status="PASS">
          <reporter-output>
          </reporter-output>
        </test-method> <!-- createDriver -->
        <test-method signature="loginUserWithInWishListPage()[pri:0, instance:stories.OrderOneProdUsingWishlistAsLogUserTest@988246e]" started-at="2021-12-03T17:54:24 EET" name="loginUserWithInWishListPage" finished-at="2021-12-03T17:54:29 EET" duration-ms="4715" status="PASS">
          <reporter-output>
          </reporter-output>
        </test-method> <!-- loginUserWithInWishListPage -->
        <test-method signature="searchElementAndAddToWishlist()[pri:0, instance:stories.OrderOneProdUsingWishlistAsLogUserTest@988246e]" started-at="2021-12-03T17:54:29 EET" name="searchElementAndAddToWishlist" finished-at="2021-12-03T17:54:32 EET" duration-ms="3328" status="PASS">
          <reporter-output>
          </reporter-output>
        </test-method> <!-- searchElementAndAddToWishlist -->
        <test-method signature="stepCheckoutPerson()[pri:0, instance:stories.OrderOneProdUsingWishlistAsLogUserTest@988246e]" started-at="2021-12-03T17:54:32 EET" name="stepCheckoutPerson" finished-at="2021-12-03T17:54:45 EET" duration-ms="12622" status="PASS">
          <reporter-output>
          </reporter-output>
        </test-method> <!-- stepCheckoutPerson -->
        <test-method is-config="true" signature="closeBrowser()[pri:0, instance:stories.OrderOneProdUsingWishlistAsLogUserTest@988246e]" started-at="2021-12-03T17:54:45 EET" name="closeBrowser" finished-at="2021-12-03T17:54:45 EET" duration-ms="265" status="PASS">
          <reporter-output>
          </reporter-output>
        </test-method> <!-- closeBrowser -->
      </class> <!-- stories.OrderOneProdUsingWishlistAsLogUserTest -->
      <class name="administration.CheckTaxInStoreTest">
        <test-method is-config="true" signature="addNewTaxRatesEditTaxClassesEditProduct()[pri:0, instance:administration.CheckTaxInStoreTest@1a1ed4e5]" started-at="2021-12-03T17:47:43 EET" name="addNewTaxRatesEditTaxClassesEditProduct" finished-at="2021-12-03T17:48:05 EET" duration-ms="21958" status="PASS">
          <reporter-output>
          </reporter-output>
        </test-method> <!-- addNewTaxRatesEditTaxClassesEditProduct -->
        <test-method is-config="true" signature="createDriver()[pri:0, instance:administration.CheckTaxInStoreTest@1a1ed4e5]" started-at="2021-12-03T17:50:58 EET" name="createDriver" finished-at="2021-12-03T17:51:00 EET" duration-ms="1702" status="PASS">
          <reporter-output>
          </reporter-output>
        </test-method> <!-- createDriver -->
        <test-method signature="loginUserThenSearchElementAndAddToCardThenCheckout()[pri:0, instance:administration.CheckTaxInStoreTest@1a1ed4e5]" started-at="2021-12-03T17:51:00 EET" name="loginUserThenSearchElementAndAddToCardThenCheckout" finished-at="2021-12-03T17:51:13 EET" duration-ms="13269" status="PASS">
          <reporter-output>
          </reporter-output>
        </test-method> <!-- loginUserThenSearchElementAndAddToCardThenCheckout -->
        <test-method is-config="true" signature="closeBrowser()[pri:0, instance:administration.CheckTaxInStoreTest@1a1ed4e5]" started-at="2021-12-03T17:51:13 EET" name="closeBrowser" finished-at="2021-12-03T17:51:13 EET" duration-ms="309" status="PASS">
          <reporter-output>
          </reporter-output>
        </test-method> <!-- closeBrowser -->
      </class> <!-- administration.CheckTaxInStoreTest -->
      <class name="SearchAdd2ProductTest">
        <test-method is-config="true" signature="createDriver()[pri:0, instance:SearchAdd2ProductTest@7af1cd63]" started-at="2021-12-03T17:51:52 EET" name="createDriver" finished-at="2021-12-03T17:51:53 EET" duration-ms="1508" status="PASS">
          <reporter-output>
          </reporter-output>
        </test-method> <!-- createDriver -->
        <test-method signature="search2ProductAndAddToCart()[pri:0, instance:SearchAdd2ProductTest@7af1cd63]" started-at="2021-12-03T17:51:53 EET" name="search2ProductAndAddToCart" finished-at="2021-12-03T17:51:59 EET" duration-ms="6206" status="PASS">
          <reporter-output>
          </reporter-output>
        </test-method> <!-- search2ProductAndAddToCart -->
        <test-method is-config="true" signature="closeBrowser()[pri:0, instance:SearchAdd2ProductTest@7af1cd63]" started-at="2021-12-03T17:51:59 EET" name="closeBrowser" finished-at="2021-12-03T17:52:00 EET" duration-ms="300" status="PASS">
          <reporter-output>
          </reporter-output>
        </test-method> <!-- closeBrowser -->
      </class> <!-- SearchAdd2ProductTest -->
      <class name="administration.AddNewTaxTest">
        <test-method is-config="true" signature="createDriver()[pri:0, instance:administration.AddNewTaxTest@45673f68]" started-at="2021-12-03T17:50:34 EET" name="createDriver" finished-at="2021-12-03T17:50:35 EET" duration-ms="1571" status="PASS">
          <reporter-output>
          </reporter-output>
        </test-method> <!-- createDriver -->
        <test-method signature="addNewTaxClassesTest()[pri:0, instance:administration.AddNewTaxTest@45673f68]" started-at="2021-12-03T17:50:35 EET" name="addNewTaxClassesTest" finished-at="2021-12-03T17:50:42 EET" duration-ms="6961" status="PASS">
          <reporter-output>
          </reporter-output>
        </test-method> <!-- addNewTaxClassesTest -->
        <test-method signature="addNewTaxRatesTest()[pri:0, instance:administration.AddNewTaxTest@45673f68]" started-at="2021-12-03T17:50:42 EET" name="addNewTaxRatesTest" finished-at="2021-12-03T17:50:47 EET" duration-ms="5024" status="PASS">
          <reporter-output>
          </reporter-output>
        </test-method> <!-- addNewTaxRatesTest -->
        <test-method is-config="true" signature="closeBrowser()[pri:0, instance:administration.AddNewTaxTest@45673f68]" started-at="2021-12-03T17:50:47 EET" name="closeBrowser" finished-at="2021-12-03T17:50:48 EET" duration-ms="297" status="PASS">
          <reporter-output>
          </reporter-output>
        </test-method> <!-- closeBrowser -->
        <test-method is-config="true" signature="deleteTaxClassesAndTaxRates()[pri:0, instance:administration.AddNewTaxTest@45673f68]" started-at="2021-12-03T17:58:37 EET" name="deleteTaxClassesAndTaxRates" finished-at="2021-12-03T17:58:49 EET" duration-ms="11933" status="PASS">
          <reporter-output>
          </reporter-output>
        </test-method> <!-- deleteTaxClassesAndTaxRates -->
      </class> <!-- administration.AddNewTaxTest -->
      <class name="AddToCompareAndWishlistTest">
        <test-method is-config="true" signature="createDriver()[pri:0, instance:AddToCompareAndWishlistTest@712ca57b]" started-at="2021-12-03T17:49:55 EET" name="createDriver" finished-at="2021-12-03T17:49:56 EET" duration-ms="1773" status="PASS">
          <reporter-output>
          </reporter-output>
        </test-method> <!-- createDriver -->
        <test-method signature="loginUserWithInWishListPage()[pri:0, instance:AddToCompareAndWishlistTest@712ca57b]" started-at="2021-12-03T17:49:56 EET" name="loginUserWithInWishListPage" finished-at="2021-12-03T17:50:00 EET" duration-ms="4073" status="PASS">
          <reporter-output>
          </reporter-output>
        </test-method> <!-- loginUserWithInWishListPage -->
        <test-method signature="searchByMenuAndAddToCompare()[pri:0, instance:AddToCompareAndWishlistTest@712ca57b]" started-at="2021-12-03T17:50:00 EET" name="searchByMenuAndAddToCompare" finished-at="2021-12-03T17:50:04 EET" duration-ms="3232" status="PASS">
          <reporter-output>
          </reporter-output>
        </test-method> <!-- searchByMenuAndAddToCompare -->
        <test-method is-config="true" signature="closeBrowser()[pri:0, instance:AddToCompareAndWishlistTest@712ca57b]" started-at="2021-12-03T17:50:04 EET" name="closeBrowser" finished-at="2021-12-03T17:50:04 EET" duration-ms="221" status="PASS">
          <reporter-output>
          </reporter-output>
        </test-method> <!-- closeBrowser -->
      </class> <!-- AddToCompareAndWishlistTest -->
      <class name="AddTwoProdToWishlistTest">
        <test-method is-config="true" signature="createDriver()[pri:0, instance:AddTwoProdToWishlistTest@54534abf]" started-at="2021-12-03T17:50:14 EET" name="createDriver" finished-at="2021-12-03T17:50:16 EET" duration-ms="1882" status="PASS">
          <reporter-output>
          </reporter-output>
        </test-method> <!-- createDriver -->
        <test-method signature="loginUserWithInWishListPage()[pri:0, instance:AddTwoProdToWishlistTest@54534abf]" started-at="2021-12-03T17:50:16 EET" name="loginUserWithInWishListPage" finished-at="2021-12-03T17:50:21 EET" duration-ms="4166" status="PASS">
          <reporter-output>
          </reporter-output>
        </test-method> <!-- loginUserWithInWishListPage -->
        <test-method signature="searchElementAndAddToWishlist()[pri:0, instance:AddTwoProdToWishlistTest@54534abf]" started-at="2021-12-03T17:50:21 EET" name="searchElementAndAddToWishlist" finished-at="2021-12-03T17:50:24 EET" duration-ms="3596" status="PASS">
          <reporter-output>
          </reporter-output>
        </test-method> <!-- searchElementAndAddToWishlist -->
        <test-method is-config="true" signature="closeBrowser()[pri:0, instance:AddTwoProdToWishlistTest@54534abf]" started-at="2021-12-03T17:50:24 EET" name="closeBrowser" finished-at="2021-12-03T17:50:25 EET" duration-ms="858" status="PASS">
          <reporter-output>
          </reporter-output>
        </test-method> <!-- closeBrowser -->
      </class> <!-- AddTwoProdToWishlistTest -->
      <class name="AddTwoProdToCompareTest">
        <test-method is-config="true" signature="createDriver()[pri:0, instance:AddTwoProdToCompareTest@4564e94b]" started-at="2021-12-03T17:50:04 EET" name="createDriver" finished-at="2021-12-03T17:50:06 EET" duration-ms="1638" status="PASS">
          <reporter-output>
          </reporter-output>
        </test-method> <!-- createDriver -->
        <test-method signature="searchElementAndAddToCompare()[pri:0, instance:AddTwoProdToCompareTest@4564e94b]" started-at="2021-12-03T17:50:06 EET" name="searchElementAndAddToCompare" finished-at="2021-12-03T17:50:14 EET" duration-ms="8683" status="PASS">
          <reporter-output>
          </reporter-output>
        </test-method> <!-- searchElementAndAddToCompare -->
        <test-method is-config="true" signature="closeBrowser()[pri:0, instance:AddTwoProdToCompareTest@4564e94b]" started-at="2021-12-03T17:50:14 EET" name="closeBrowser" finished-at="2021-12-03T17:50:14 EET" duration-ms="272" status="PASS">
          <reporter-output>
          </reporter-output>
        </test-method> <!-- closeBrowser -->
      </class> <!-- AddTwoProdToCompareTest -->
      <class name="UserRegisterTest">
        <test-method is-config="true" signature="createDriver()[pri:0, instance:UserRegisterTest@6f8d7714]" started-at="2021-12-03T17:58:19 EET" name="createDriver" finished-at="2021-12-03T17:58:20 EET" duration-ms="1611" status="PASS">
          <reporter-output>
          </reporter-output>
        </test-method> <!-- createDriver -->
        <test-method retried="true" signature="registerUserWithValidParameters()[pri:0, instance:UserRegisterTest@6f8d7714]" started-at="2021-12-03T17:58:20 EET" name="registerUserWithValidParameters" finished-at="2021-12-03T17:58:23 EET" duration-ms="2698" status="SKIP">
          <exception class="org.openqa.selenium.NoSuchElementException">
            <message>
              <![CDATA[no such element: Unable to locate element: {"method":"css selector","selector":"#input\-firstname"}
  (Session info: chrome=96.0.4664.45)
For documentation on this error, please visit: https://www.seleniumhq.org/exceptions/no_such_element.html
Build info: version: '3.141.59', revision: 'e82be7d358', time: '2018-11-14T08:17:03'
System info: host: 'DESKTOP-QKRRSS8', ip: '192.168.1.7', os.name: 'Windows 10', os.arch: 'amd64', os.version: '10.0', java.version: '17'
Driver info: org.openqa.selenium.chrome.ChromeDriver
Capabilities {acceptInsecureCerts: false, browserName: chrome, browserVersion: 96.0.4664.45, chrome: {chromedriverVersion: 96.0.4664.45 (76e4c1bb2ab46..., userDataDir: C:\Users\1\AppData\Local\Te...}, goog:chromeOptions: {debuggerAddress: localhost:53286}, javascriptEnabled: true, networkConnectionEnabled: false, pageLoadStrategy: normal, platform: WINDOWS, platformName: WINDOWS, proxy: Proxy(), setWindowRect: true, strictFileInteractability: false, timeouts: {implicit: 0, pageLoad: 300000, script: 30000}, unhandledPromptBehavior: dismiss and notify, webauthn:extension:credBlob: true, webauthn:extension:largeBlob: true, webauthn:virtualAuthenticators: true}
Session ID: e2ea85f8bbc8d5e0b0cbe15e638c058e
*** Element info: {Using=id, value=input-firstname}]]>
            </message>
            <full-stacktrace>
              <![CDATA[org.openqa.selenium.NoSuchElementException: no such element: Unable to locate element: {"method":"css selector","selector":"#input\-firstname"}
  (Session info: chrome=96.0.4664.45)
For documentation on this error, please visit: https://www.seleniumhq.org/exceptions/no_such_element.html
Build info: version: '3.141.59', revision: 'e82be7d358', time: '2018-11-14T08:17:03'
System info: host: 'DESKTOP-QKRRSS8', ip: '192.168.1.7', os.name: 'Windows 10', os.arch: 'amd64', os.version: '10.0', java.version: '17'
Driver info: org.openqa.selenium.chrome.ChromeDriver
Capabilities {acceptInsecureCerts: false, browserName: chrome, browserVersion: 96.0.4664.45, chrome: {chromedriverVersion: 96.0.4664.45 (76e4c1bb2ab46..., userDataDir: C:\Users\1\AppData\Local\Te...}, goog:chromeOptions: {debuggerAddress: localhost:53286}, javascriptEnabled: true, networkConnectionEnabled: false, pageLoadStrategy: normal, platform: WINDOWS, platformName: WINDOWS, proxy: Proxy(), setWindowRect: true, strictFileInteractability: false, timeouts: {implicit: 0, pageLoad: 300000, script: 30000}, unhandledPromptBehavior: dismiss and notify, webauthn:extension:credBlob: true, webauthn:extension:largeBlob: true, webauthn:virtualAuthenticators: true}
Session ID: e2ea85f8bbc8d5e0b0cbe15e638c058e
*** Element info: {Using=id, value=input-firstname}
at jdk.internal.reflect.GeneratedConstructorAccessor20.newInstance(Unknown Source)
at java.base/jdk.internal.reflect.DelegatingConstructorAccessorImpl.newInstance(DelegatingConstructorAccessorImpl.java:45)
at java.base/java.lang.reflect.Constructor.newInstanceWithCaller(Constructor.java:499)
at java.base/java.lang.reflect.Constructor.newInstance(Constructor.java:480)
at org.openqa.selenium.remote.http.W3CHttpResponseCodec.createException(W3CHttpResponseCodec.java:187)
at org.openqa.selenium.remote.http.W3CHttpResponseCodec.decode(W3CHttpResponseCodec.java:122)
at org.openqa.selenium.remote.http.W3CHttpResponseCodec.decode(W3CHttpResponseCodec.java:49)
at org.openqa.selenium.remote.HttpCommandExecutor.execute(HttpCommandExecutor.java:158)
at org.openqa.selenium.remote.service.DriverCommandExecutor.execute(DriverCommandExecutor.java:83)
at org.openqa.selenium.remote.RemoteWebDriver.execute(RemoteWebDriver.java:552)
at org.openqa.selenium.remote.RemoteWebDriver.findElement(RemoteWebDriver.java:323)
at org.openqa.selenium.remote.RemoteWebDriver.findElementById(RemoteWebDriver.java:372)
at org.openqa.selenium.By$ById.findElement(By.java:188)
at org.openqa.selenium.remote.RemoteWebDriver.findElement(RemoteWebDriver.java:315)
at org.openqa.selenium.support.pagefactory.DefaultElementLocator.findElement(DefaultElementLocator.java:69)
at org.openqa.selenium.support.pagefactory.internal.LocatingElementHandler.invoke(LocatingElementHandler.java:38)
at jdk.proxy2/jdk.proxy2.$Proxy16.clear(Unknown Source)
at steps.user.RegisterPageBL.inputFirstName(RegisterPageBL.java:35)
at steps.user.RegisterPageBL.registerNewPerson(RegisterPageBL.java:21)
at UserRegisterTest.registerUserWithValidParameters(UserRegisterTest.java:19)
at java.base/jdk.internal.reflect.NativeMethodAccessorImpl.invoke0(Native Method)
at java.base/jdk.internal.reflect.NativeMethodAccessorImpl.invoke(NativeMethodAccessorImpl.java:77)
at java.base/jdk.internal.reflect.DelegatingMethodAccessorImpl.invoke(DelegatingMethodAccessorImpl.java:43)
at java.base/java.lang.reflect.Method.invoke(Method.java:568)
at org.testng.internal.MethodInvocationHelper.invokeMethod(MethodInvocationHelper.java:133)
at org.testng.internal.TestInvoker.invokeMethod(TestInvoker.java:598)
at org.testng.internal.TestInvoker.invokeTestMethod(TestInvoker.java:173)
at org.testng.internal.MethodRunner.runInSequence(MethodRunner.java:46)
at org.testng.internal.TestInvoker$MethodInvocationAgent.invoke(TestInvoker.java:824)
at org.testng.internal.TestInvoker.invokeTestMethods(TestInvoker.java:146)
at org.testng.internal.TestMethodWorker.invokeTestMethods(TestMethodWorker.java:146)
at org.testng.internal.TestMethodWorker.run(TestMethodWorker.java:128)
at java.base/java.util.ArrayList.forEach(ArrayList.java:1511)
at org.testng.TestRunner.privateRun(TestRunner.java:794)
at org.testng.TestRunner.run(TestRunner.java:596)
at org.testng.SuiteRunner.runTest(SuiteRunner.java:377)
at org.testng.SuiteRunner.runSequentially(SuiteRunner.java:371)
at org.testng.SuiteRunner.privateRun(SuiteRunner.java:332)
at org.testng.SuiteRunner.run(SuiteRunner.java:276)
at org.testng.SuiteRunnerWorker.runSuite(SuiteRunnerWorker.java:53)
at org.testng.SuiteRunnerWorker.run(SuiteRunnerWorker.java:96)
at org.testng.TestNG.runSuitesSequentially(TestNG.java:1212)
at org.testng.TestNG.runSuitesLocally(TestNG.java:1134)
at org.testng.TestNG.runSuites(TestNG.java:1063)
at org.testng.TestNG.run(TestNG.java:1031)
at org.apache.maven.surefire.testng.TestNGExecutor.run(TestNGExecutor.java:135)
at org.apache.maven.surefire.testng.TestNGDirectoryTestSuite.executeMulti(TestNGDirectoryTestSuite.java:193)
at org.apache.maven.surefire.testng.TestNGDirectoryTestSuite.execute(TestNGDirectoryTestSuite.java:94)
at org.apache.maven.surefire.testng.TestNGProvider.invoke(TestNGProvider.java:146)
at org.apache.maven.surefire.booter.ForkedBooter.invokeProviderInSameClassLoader(ForkedBooter.java:384)
at org.apache.maven.surefire.booter.ForkedBooter.runSuitesInProcess(ForkedBooter.java:345)
at org.apache.maven.surefire.booter.ForkedBooter.execute(ForkedBooter.java:126)
at org.apache.maven.surefire.booter.ForkedBooter.main(ForkedBooter.java:418)
]]>
            </full-stacktrace>
          </exception> <!-- org.openqa.selenium.NoSuchElementException -->
          <reporter-output>
          </reporter-output>
        </test-method> <!-- registerUserWithValidParameters -->
        <test-method signature="registerUserWithValidParameters()[pri:0, instance:UserRegisterTest@6f8d7714]" started-at="2021-12-03T17:58:23 EET" name="registerUserWithValidParameters" finished-at="2021-12-03T17:58:28 EET" duration-ms="5608" status="PASS">
          <reporter-output>
          </reporter-output>
        </test-method> <!-- registerUserWithValidParameters -->
        <test-method is-config="true" signature="closeBrowser()[pri:0, instance:UserRegisterTest@6f8d7714]" started-at="2021-12-03T17:58:28 EET" name="closeBrowser" finished-at="2021-12-03T17:58:29 EET" duration-ms="222" status="PASS">
          <reporter-output>
          </reporter-output>
        </test-method> <!-- closeBrowser -->
      </class> <!-- UserRegisterTest -->
      <class name="stories.OrderOneProdUsingSearchAsLogUserTest">
        <test-method is-config="true" signature="createDriver()[pri:0, instance:stories.OrderOneProdUsingSearchAsLogUserTest@381cad29]" started-at="2021-12-03T17:54:00 EET" name="createDriver" finished-at="2021-12-03T17:54:02 EET" duration-ms="1548" status="PASS">
          <reporter-output>
          </reporter-output>
        </test-method> <!-- createDriver -->
        <test-method signature="loginUserWithInWishListPage()[pri:0, instance:stories.OrderOneProdUsingSearchAsLogUserTest@381cad29]" started-at="2021-12-03T17:54:02 EET" name="loginUserWithInWishListPage" finished-at="2021-12-03T17:54:07 EET" duration-ms="4579" status="PASS">
          <reporter-output>
          </reporter-output>
        </test-method> <!-- loginUserWithInWishListPage -->
        <test-method signature="searchElementAndAddToCard()[pri:0, instance:stories.OrderOneProdUsingSearchAsLogUserTest@381cad29]" started-at="2021-12-03T17:54:07 EET" name="searchElementAndAddToCard" finished-at="2021-12-03T17:54:09 EET" duration-ms="2354" status="PASS">
          <reporter-output>
          </reporter-output>
        </test-method> <!-- searchElementAndAddToCard -->
        <test-method signature="stepCheckoutPerson()[pri:0, instance:stories.OrderOneProdUsingSearchAsLogUserTest@381cad29]" started-at="2021-12-03T17:54:09 EET" name="stepCheckoutPerson" finished-at="2021-12-03T17:54:22 EET" duration-ms="12959" status="PASS">
          <reporter-output>
          </reporter-output>
        </test-method> <!-- stepCheckoutPerson -->
        <test-method is-config="true" signature="closeBrowser()[pri:0, instance:stories.OrderOneProdUsingSearchAsLogUserTest@381cad29]" started-at="2021-12-03T17:54:22 EET" name="closeBrowser" finished-at="2021-12-03T17:54:23 EET" duration-ms="973" status="PASS">
          <reporter-output>
          </reporter-output>
        </test-method> <!-- closeBrowser -->
      </class> <!-- stories.OrderOneProdUsingSearchAsLogUserTest -->
      <class name="administration.EditCurrencyTest">
        <test-method is-config="true" signature="addNewCurrency()[pri:0, instance:administration.EditCurrencyTest@6dba847b]" started-at="2021-12-03T17:48:27 EET" name="addNewCurrency" finished-at="2021-12-03T17:48:35 EET" duration-ms="7963" status="PASS">
          <reporter-output>
          </reporter-output>
        </test-method> <!-- addNewCurrency -->
        <test-method is-config="true" signature="createDriver()[pri:0, instance:administration.EditCurrencyTest@6dba847b]" started-at="2021-12-03T17:51:32 EET" name="createDriver" finished-at="2021-12-03T17:51:34 EET" duration-ms="1381" status="PASS">
          <reporter-output>
          </reporter-output>
        </test-method> <!-- createDriver -->
        <test-method signature="editNewCurrencyTest()[pri:0, instance:administration.EditCurrencyTest@6dba847b]" started-at="2021-12-03T17:51:34 EET" name="editNewCurrencyTest" finished-at="2021-12-03T17:51:42 EET" duration-ms="8248" status="PASS">
          <reporter-output>
          </reporter-output>
        </test-method> <!-- editNewCurrencyTest -->
        <test-method is-config="true" signature="closeBrowser()[pri:0, instance:administration.EditCurrencyTest@6dba847b]" started-at="2021-12-03T17:51:42 EET" name="closeBrowser" finished-at="2021-12-03T17:51:42 EET" duration-ms="222" status="PASS">
          <reporter-output>
          </reporter-output>
        </test-method> <!-- closeBrowser -->
        <test-method is-config="true" signature="deleteCurrency()[pri:0, instance:administration.EditCurrencyTest@6dba847b]" started-at="2021-12-03T17:58:49 EET" name="deleteCurrency" finished-at="2021-12-03T17:58:56 EET" duration-ms="6699" status="PASS">
          <reporter-output>
          </reporter-output>
        </test-method> <!-- deleteCurrency -->
      </class> <!-- administration.EditCurrencyTest -->
      <class name="stories.OrderTwoProdUsingProductPageAsLogUserTest">
        <test-method is-config="true" signature="createDriver()[pri:0, instance:stories.OrderTwoProdUsingProductPageAsLogUserTest@417ad4f3]" started-at="2021-12-03T17:56:23 EET" name="createDriver" finished-at="2021-12-03T17:56:24 EET" duration-ms="1612" status="PASS">
          <reporter-output>
          </reporter-output>
        </test-method> <!-- createDriver -->
        <test-method signature="addProductToShoppingCartByProdPageTest()[pri:0, instance:stories.OrderTwoProdUsingProductPageAsLogUserTest@417ad4f3]" started-at="2021-12-03T17:56:24 EET" name="addProductToShoppingCartByProdPageTest" finished-at="2021-12-03T17:56:34 EET" duration-ms="9331" status="PASS">
          <reporter-output>
          </reporter-output>
        </test-method> <!-- addProductToShoppingCartByProdPageTest -->
        <test-method signature="loginUserWithInWishListPage()[pri:0, instance:stories.OrderTwoProdUsingProductPageAsLogUserTest@417ad4f3]" started-at="2021-12-03T17:56:34 EET" name="loginUserWithInWishListPage" finished-at="2021-12-03T17:56:36 EET" duration-ms="2593" status="PASS">
          <reporter-output>
          </reporter-output>
        </test-method> <!-- loginUserWithInWishListPage -->
        <test-method signature="stepCheckoutPerson()[pri:0, instance:stories.OrderTwoProdUsingProductPageAsLogUserTest@417ad4f3]" started-at="2021-12-03T17:56:36 EET" name="stepCheckoutPerson" finished-at="2021-12-03T17:56:49 EET" duration-ms="12483" status="PASS">
          <reporter-output>
          </reporter-output>
        </test-method> <!-- stepCheckoutPerson -->
        <test-method is-config="true" signature="closeBrowser()[pri:0, instance:stories.OrderTwoProdUsingProductPageAsLogUserTest@417ad4f3]" started-at="2021-12-03T17:56:49 EET" name="closeBrowser" finished-at="2021-12-03T17:56:49 EET" duration-ms="424" status="PASS">
          <reporter-output>
          </reporter-output>
        </test-method> <!-- closeBrowser -->
      </class> <!-- stories.OrderTwoProdUsingProductPageAsLogUserTest -->
    </test> <!-- Surefire test -->
  </suite> <!-- Surefire suite -->
</testng-results>
