<html>
<head>
<title>TestNG:  Surefire test</title>
<link href="../testng.css" rel="stylesheet" type="text/css" />
<link href="../my-testng.css" rel="stylesheet" type="text/css" />

<style type="text/css">
.log { display: none;} 
.stack-trace { display: none;} 
</style>
<script type="text/javascript">
<!--
function flip(e) {
  current = e.style.display;
  if (current == 'block') {
    e.style.display = 'none';
    return 0;
  }
  else {
    e.style.display = 'block';
    return 1;
  }
}

function toggleBox(szDivId, elem, msg1, msg2)
{
  var res = -1;  if (document.getElementById) {
    res = flip(document.getElementById(szDivId));
  }
  else if (document.all) {
    // this is the way old msie versions work
    res = flip(document.all[szDivId]);
  }
  if(elem) {
    if(res == 0) elem.innerHTML = msg1; else elem.innerHTML = msg2;
  }

}

function toggleAllBoxes() {
  if (document.getElementsByTagName) {
    d = document.getElementsByTagName('div');
    for (i = 0; i < d.length; i++) {
      if (d[i].className == 'log') {
        flip(d[i]);
      }
    }
  }
}

// -->
</script>

</head>
<body>
<h2 align='center'>Surefire test</h2><table border='1' align="center">
<tr>
<td>Tests passed/Failed/Skipped:</td><td>63/1/4</td>
</tr><tr>
<td>Started on:</td><td>Fri Dec 03 17:47:43 EET 2021</td>
</tr>
<tr><td>Total time:</td><td>680 seconds (680091 ms)</td>
</tr><tr>
<td>Included groups:</td><td></td>
</tr><tr>
<td>Excluded groups:</td><td></td>
</tr>
</table><p/>
<small><i>(Hover the method name to see the test class name)</i></small><p/>
<table width='100%' border='1' class='invocation-failed'>
<tr><td colspan='4' align='center'><b>FAILED TESTS</b></td></tr>
<tr><td><b>Test method</b></td>
<td width="30%"><b>Exception</b></td>
<td width="10%"><b>Time (seconds)</b></td>
<td><b>Instance</b></td>
</tr>
<tr>
<td title='administration.ChangeCurrencyTest.changeCurrencyTest()'><b>changeCurrencyTest</b><br>Test class: administration.ChangeCurrencyTest</td>
<td><div><pre>java.lang.AssertionError: Incorrect tax iMac expected [true] but found [false]
	at steps.SearchPageBL.verifyiMacTax(SearchPageBL.java:90)
	at administration.ChangeCurrencyTest.changeCurrencyTest(ChangeCurrencyTest.java:25)
	at java.base/java.util.ArrayList.forEach(ArrayList.java:1511)
... Removed 35 stack frames</pre></div><a href='#' onClick='toggleBox("stack-trace570588770", this, "Click to show all stack frames", "Click to hide stack frames")'>Click to show all stack frames</a>
<div class='stack-trace' id='stack-trace570588770'><pre>java.lang.AssertionError: Incorrect tax iMac expected [true] but found [false]
	at org.testng.Assert.fail(Assert.java:99)
	at org.testng.Assert.failNotEquals(Assert.java:1037)
	at org.testng.Assert.assertTrue(Assert.java:45)
	at steps.SearchPageBL.verifyiMacTax(SearchPageBL.java:90)
	at administration.ChangeCurrencyTest.changeCurrencyTest(ChangeCurrencyTest.java:25)
	at java.base/jdk.internal.reflect.NativeMethodAccessorImpl.invoke0(Native Method)
	at java.base/jdk.internal.reflect.NativeMethodAccessorImpl.invoke(NativeMethodAccessorImpl.java:77)
	at java.base/jdk.internal.reflect.DelegatingMethodAccessorImpl.invoke(DelegatingMethodAccessorImpl.java:43)
	at java.base/java.lang.reflect.Method.invoke(Method.java:568)
	at org.testng.internal.MethodInvocationHelper.invokeMethod(MethodInvocationHelper.java:133)
	at org.testng.internal.TestInvoker.invokeMethod(TestInvoker.java:598)
	at org.testng.internal.TestInvoker.retryFailed(TestInvoker.java:213)
	at org.testng.internal.MethodRunner.runInSequence(MethodRunner.java:58)
	at org.testng.internal.TestInvoker$MethodInvocationAgent.invoke(TestInvoker.java:824)
	at org.testng.internal.TestInvoker.invokeTestMethods(TestInvoker.java:146)
	at org.testng.internal.TestMethodWorker.invokeTestMethods(TestMethodWorker.java:146)
	at org.testng.internal.TestMethodWorker.run(TestMethodWorker.java:128)
	at java.base/java.util.ArrayList.forEach(ArrayList.java:1511)
	at org.testng.TestRunner.privateRun(TestRunner.java:794)
	at org.testng.TestRunner.run(TestRunner.java:596)
	at org.testng.SuiteRunner.runTest(SuiteRunner.java:377)
	at org.testng.SuiteRunner.runSequentially(SuiteRunner.java:371)
	at org.testng.SuiteRunner.privateRun(SuiteRunner.java:332)
	at org.testng.SuiteRunner.run(SuiteRunner.java:276)
	at org.testng.SuiteRunnerWorker.runSuite(SuiteRunnerWorker.java:53)
	at org.testng.SuiteRunnerWorker.run(SuiteRunnerWorker.java:96)
	at org.testng.TestNG.runSuitesSequentially(TestNG.java:1212)
	at org.testng.TestNG.runSuitesLocally(TestNG.java:1134)
	at org.testng.TestNG.runSuites(TestNG.java:1063)
	at org.testng.TestNG.run(TestNG.java:1031)
	at org.apache.maven.surefire.testng.TestNGExecutor.run(TestNGExecutor.java:135)
	at org.apache.maven.surefire.testng.TestNGDirectoryTestSuite.executeMulti(TestNGDirectoryTestSuite.java:193)
	at org.apache.maven.surefire.testng.TestNGDirectoryTestSuite.execute(TestNGDirectoryTestSuite.java:94)
	at org.apache.maven.surefire.testng.TestNGProvider.invoke(TestNGProvider.java:146)
	at org.apache.maven.surefire.booter.ForkedBooter.invokeProviderInSameClassLoader(ForkedBooter.java:384)
	at org.apache.maven.surefire.booter.ForkedBooter.runSuitesInProcess(ForkedBooter.java:345)
	at org.apache.maven.surefire.booter.ForkedBooter.execute(ForkedBooter.java:126)
	at org.apache.maven.surefire.booter.ForkedBooter.main(ForkedBooter.java:418)
</pre></div></td>
<td>1</td>
<td>administration.ChangeCurrencyTest@69e308c6</td></tr>
</table><p>
<table width='100%' border='1' class='invocation-passed'>
<tr><td colspan='4' align='center'><b>PASSED TESTS</b></td></tr>
<tr><td><b>Test method</b></td>
<td width="30%"><b>Exception</b></td>
<td width="10%"><b>Time (seconds)</b></td>
<td><b>Instance</b></td>
</tr>
<tr>
<td title='administration.EditTaxTest.editTaxClassesTest()'><b>editTaxClassesTest</b><br>Test class: administration.EditTaxTest</td>
<td></td>
<td>7</td>
<td>administration.EditTaxTest@1efdcd5</td></tr>
<tr>
<td title='stories.OrderTwoProdUsingProductPageAsLogUserTest.loginUserWithInWishListPage()'><b>loginUserWithInWishListPage</b><br>Test class: stories.OrderTwoProdUsingProductPageAsLogUserTest</td>
<td></td>
<td>2</td>
<td>stories.OrderTwoProdUsingProductPageAsLogUserTest@417ad4f3</td></tr>
<tr>
<td title='SearchAdd2ProductTest.search2ProductAndAddToCart()'><b>search2ProductAndAddToCart</b><br>Test class: SearchAdd2ProductTest</td>
<td></td>
<td>6</td>
<td>SearchAdd2ProductTest@7af1cd63</td></tr>
<tr>
<td title='stories.OrderOneProdUsingProductPageAsLogUserTest.stepCheckoutPerson()'><b>stepCheckoutPerson</b><br>Test class: stories.OrderOneProdUsingProductPageAsLogUserTest</td>
<td></td>
<td>12</td>
<td>stories.OrderOneProdUsingProductPageAsLogUserTest@89c65d5</td></tr>
<tr>
<td title='stories.OrderTreeProdUsingWishlistAsLogUserTest.searchElementAndAddToWishlist3()'><b>searchElementAndAddToWishlist3</b><br>Test class: stories.OrderTreeProdUsingWishlistAsLogUserTest</td>
<td></td>
<td>3</td>
<td>stories.OrderTreeProdUsingWishlistAsLogUserTest@61f2c3f0</td></tr>
<tr>
<td title='stories.OrderTwoProdUsingSearchAsLogUserTest.stepCheckoutPerson()'><b>stepCheckoutPerson</b><br>Test class: stories.OrderTwoProdUsingSearchAsLogUserTest</td>
<td></td>
<td>12</td>
<td>stories.OrderTwoProdUsingSearchAsLogUserTest@2f6bcf87</td></tr>
<tr>
<td title='AddFourProdToWishlistTest.loginUserWithInWishListPage()'><b>loginUserWithInWishListPage</b><br>Test class: AddFourProdToWishlistTest</td>
<td></td>
<td>4</td>
<td>AddFourProdToWishlistTest@65f00478</td></tr>
<tr>
<td title='stories.OrderOneProdUsingComparisonAsGuestUserTest.searchByMenuAndAddToCompare()'><b>searchByMenuAndAddToCompare</b><br>Test class: stories.OrderOneProdUsingComparisonAsGuestUserTest</td>
<td></td>
<td>3</td>
<td>stories.OrderOneProdUsingComparisonAsGuestUserTest@37d00a23</td></tr>
<tr>
<td title='administration.DeleteCurrencyTest.deleteCurrencyTest()'><b>deleteCurrencyTest</b><br>Test class: administration.DeleteCurrencyTest</td>
<td></td>
<td>5</td>
<td>administration.DeleteCurrencyTest@667e34b1</td></tr>
<tr>
<td title='AddFourProdToWishlistTest.searchElementAndAddToWishlist()'><b>searchElementAndAddToWishlist</b><br>Test class: AddFourProdToWishlistTest</td>
<td></td>
<td>6</td>
<td>AddFourProdToWishlistTest@65f00478</td></tr>
<tr>
<td title='stories.OrderTreeProdUsingSearchAsLogUserTest.loginUserWithInWishListPage()'><b>loginUserWithInWishListPage</b><br>Test class: stories.OrderTreeProdUsingSearchAsLogUserTest</td>
<td></td>
<td>4</td>
<td>stories.OrderTreeProdUsingSearchAsLogUserTest@3c5a54b7</td></tr>
<tr>
<td title='stories.OrderOneProdUsingComparisonAsGuestUserTest.stepCheckoutPerson()'><b>stepCheckoutPerson</b><br>Test class: stories.OrderOneProdUsingComparisonAsGuestUserTest</td>
<td></td>
<td>12</td>
<td>stories.OrderOneProdUsingComparisonAsGuestUserTest@37d00a23</td></tr>
<tr>
<td title='stories.OrderTreeProdUsingWishlistAsLogUserTest.searchElementAndAddToWishlist2()'><b>searchElementAndAddToWishlist2</b><br>Test class: stories.OrderTreeProdUsingWishlistAsLogUserTest</td>
<td></td>
<td>3</td>
<td>stories.OrderTreeProdUsingWishlistAsLogUserTest@61f2c3f0</td></tr>
<tr>
<td title='stories.OrderOneProdUsingSearchAsLogUserTest.searchElementAndAddToCard()'><b>searchElementAndAddToCard</b><br>Test class: stories.OrderOneProdUsingSearchAsLogUserTest</td>
<td></td>
<td>2</td>
<td>stories.OrderOneProdUsingSearchAsLogUserTest@381cad29</td></tr>
<tr>
<td title='stories.OrderTwoProdUsingProductPageAsLogUserTest.addProductToShoppingCartByProdPageTest()'><b>addProductToShoppingCartByProdPageTest</b><br>Test class: stories.OrderTwoProdUsingProductPageAsLogUserTest</td>
<td></td>
<td>9</td>
<td>stories.OrderTwoProdUsingProductPageAsLogUserTest@417ad4f3</td></tr>
<tr>
<td title='AddTwoProdToCompareTest.searchElementAndAddToCompare()'><b>searchElementAndAddToCompare</b><br>Test class: AddTwoProdToCompareTest</td>
<td></td>
<td>8</td>
<td>AddTwoProdToCompareTest@4564e94b</td></tr>
<tr>
<td title='stories.OrderTreeProdUsingSearchAsLogUserTest.stepCheckoutPerson()'><b>stepCheckoutPerson</b><br>Test class: stories.OrderTreeProdUsingSearchAsLogUserTest</td>
<td></td>
<td>12</td>
<td>stories.OrderTreeProdUsingSearchAsLogUserTest@3c5a54b7</td></tr>
<tr>
<td title='administration.DeleteTaxTest.deleteTaxClassesTest()'><b>deleteTaxClassesTest</b><br>Test class: administration.DeleteTaxTest</td>
<td></td>
<td>5</td>
<td>administration.DeleteTaxTest@1c6e0a08</td></tr>
<tr>
<td title='stories.OrderOneProdUsingWishlistAsLogUserTest.stepCheckoutPerson()'><b>stepCheckoutPerson</b><br>Test class: stories.OrderOneProdUsingWishlistAsLogUserTest</td>
<td></td>
<td>12</td>
<td>stories.OrderOneProdUsingWishlistAsLogUserTest@988246e</td></tr>
<tr>
<td title='stories.OrderTwoProdUsingSearchAsLogUserTest.loginUserWithInWishListPage()'><b>loginUserWithInWishListPage</b><br>Test class: stories.OrderTwoProdUsingSearchAsLogUserTest</td>
<td></td>
<td>4</td>
<td>stories.OrderTwoProdUsingSearchAsLogUserTest@2f6bcf87</td></tr>
<tr>
<td title='AddToCompareAndWishlistTest.loginUserWithInWishListPage()'><b>loginUserWithInWishListPage</b><br>Test class: AddToCompareAndWishlistTest</td>
<td></td>
<td>4</td>
<td>AddToCompareAndWishlistTest@712ca57b</td></tr>
<tr>
<td title='SearchAdd4ProductTest.search4ProductAndAddToCart()'><b>search4ProductAndAddToCart</b><br>Test class: SearchAdd4ProductTest</td>
<td></td>
<td>18</td>
<td>SearchAdd4ProductTest@4351171a</td></tr>
<tr>
<td title='stories.OrderTreeProdUsingProductPageAsLogUserTest.stepCheckoutPerson()'><b>stepCheckoutPerson</b><br>Test class: stories.OrderTreeProdUsingProductPageAsLogUserTest</td>
<td></td>
<td>13</td>
<td>stories.OrderTreeProdUsingProductPageAsLogUserTest@62515a47</td></tr>
<tr>
<td title='AddSixProdToCompareTest.searchElementAndAddToCompare()'><b>searchElementAndAddToCompare</b><br>Test class: AddSixProdToCompareTest</td>
<td></td>
<td>19</td>
<td>AddSixProdToCompareTest@1f86099a</td></tr>
<tr>
<td title='SearchTest.searchProductPositiveTest()'><b>searchProductPositiveTest</b><br>Test class: SearchTest</td>
<td></td>
<td>2</td>
<td>SearchTest@3c2772d1</td></tr>
<tr>
<td title='stories.OrderOneProdUsingSearchAsLogUserTest.loginUserWithInWishListPage()'><b>loginUserWithInWishListPage</b><br>Test class: stories.OrderOneProdUsingSearchAsLogUserTest</td>
<td></td>
<td>4</td>
<td>stories.OrderOneProdUsingSearchAsLogUserTest@381cad29</td></tr>
<tr>
<td title='stories.OrderTreeProdUsingSearchAsLogUserTest.searchElementAndAddToCard()'><b>searchElementAndAddToCard</b><br>Test class: stories.OrderTreeProdUsingSearchAsLogUserTest</td>
<td></td>
<td>5</td>
<td>stories.OrderTreeProdUsingSearchAsLogUserTest@3c5a54b7</td></tr>
<tr>
<td title='administration.AddNewCurrencyTest.addNewCurrencyTest()'><b>addNewCurrencyTest</b><br>Test class: administration.AddNewCurrencyTest</td>
<td></td>
<td>6</td>
<td>administration.AddNewCurrencyTest@51745f40</td></tr>
<tr>
<td title='stories.OrderOneProdUsingProdComparisonAsLogUserTest.searchByMenuAndAddToCompare()'><b>searchByMenuAndAddToCompare</b><br>Test class: stories.OrderOneProdUsingProdComparisonAsLogUserTest</td>
<td></td>
<td>4</td>
<td>stories.OrderOneProdUsingProdComparisonAsLogUserTest@433e536f</td></tr>
<tr>
<td title='AddTwoProdToWishlistTest.searchElementAndAddToWishlist()'><b>searchElementAndAddToWishlist</b><br>Test class: AddTwoProdToWishlistTest</td>
<td></td>
<td>3</td>
<td>AddTwoProdToWishlistTest@54534abf</td></tr>
<tr>
<td title='stories.OrderTreeProdUsingProductPageAsLogUserTest.addProductToShoppingCartByProdPageTest()'><b>addProductToShoppingCartByProdPageTest</b><br>Test class: stories.OrderTreeProdUsingProductPageAsLogUserTest</td>
<td></td>
<td>11</td>
<td>stories.OrderTreeProdUsingProductPageAsLogUserTest@62515a47</td></tr>
<tr>
<td title='stories.OrderTreeProdUsingProductPageAsLogUserTest.loginUserWithInWishListPage()'><b>loginUserWithInWishListPage</b><br>Test class: stories.OrderTreeProdUsingProductPageAsLogUserTest</td>
<td></td>
<td>2</td>
<td>stories.OrderTreeProdUsingProductPageAsLogUserTest@62515a47</td></tr>
<tr>
<td title='stories.OrderOneProdUsingSearchAsGuestUserTest.searchElementAndAddToCard()'><b>searchElementAndAddToCard</b><br>Test class: stories.OrderOneProdUsingSearchAsGuestUserTest</td>
<td></td>
<td>4</td>
<td>stories.OrderOneProdUsingSearchAsGuestUserTest@faa3fed</td></tr>
<tr>
<td title='administration.CheckTaxInStoreTest.loginUserThenSearchElementAndAddToCardThenCheckout()'><b>loginUserThenSearchElementAndAddToCardThenCheckout</b><br>Test class: administration.CheckTaxInStoreTest</td>
<td></td>
<td>13</td>
<td>administration.CheckTaxInStoreTest@1a1ed4e5</td></tr>
<tr>
<td title='stories.OrderOneProdUsingWishlistAsLogUserTest.loginUserWithInWishListPage()'><b>loginUserWithInWishListPage</b><br>Test class: stories.OrderOneProdUsingWishlistAsLogUserTest</td>
<td></td>
<td>4</td>
<td>stories.OrderOneProdUsingWishlistAsLogUserTest@988246e</td></tr>
<tr>
<td title='AddTwoProdToWishlistTest.loginUserWithInWishListPage()'><b>loginUserWithInWishListPage</b><br>Test class: AddTwoProdToWishlistTest</td>
<td></td>
<td>4</td>
<td>AddTwoProdToWishlistTest@54534abf</td></tr>
<tr>
<td title='stories.OrderTwoProdUsingProductPageAsLogUserTest.stepCheckoutPerson()'><b>stepCheckoutPerson</b><br>Test class: stories.OrderTwoProdUsingProductPageAsLogUserTest</td>
<td></td>
<td>12</td>
<td>stories.OrderTwoProdUsingProductPageAsLogUserTest@417ad4f3</td></tr>
<tr>
<td title='AddOneComplexElementTest.addOneComplexElementTCartTest()'><b>addOneComplexElementTCartTest</b><br>Test class: AddOneComplexElementTest</td>
<td></td>
<td>13</td>
<td>AddOneComplexElementTest@7d151a</td></tr>
<tr>
<td title='AddToCompareAndWishlistTest.searchByMenuAndAddToCompare()'><b>searchByMenuAndAddToCompare</b><br>Test class: AddToCompareAndWishlistTest</td>
<td></td>
<td>3</td>
<td>AddToCompareAndWishlistTest@712ca57b</td></tr>
<tr>
<td title='AddOneProdToCompareTest.searchByMenuAndAddToCompare()'><b>searchByMenuAndAddToCompare</b><br>Test class: AddOneProdToCompareTest</td>
<td></td>
<td>5</td>
<td>AddOneProdToCompareTest@294bdeb4</td></tr>
<tr>
<td title='stories.OrderTwoProdUsingSearchAsLogUserTest.searchElementAndAddToCard()'><b>searchElementAndAddToCard</b><br>Test class: stories.OrderTwoProdUsingSearchAsLogUserTest</td>
<td></td>
<td>4</td>
<td>stories.OrderTwoProdUsingSearchAsLogUserTest@2f6bcf87</td></tr>
<tr>
<td title='stories.OrderTreeProdUsingWishlistAsLogUserTest.loginUserWithInWishListPage()'><b>loginUserWithInWishListPage</b><br>Test class: stories.OrderTreeProdUsingWishlistAsLogUserTest</td>
<td></td>
<td>6</td>
<td>stories.OrderTreeProdUsingWishlistAsLogUserTest@61f2c3f0</td></tr>
<tr>
<td title='stories.OrderOneProdUsingSearchAsGuestUserTest.searchEoCard()'><b>searchEoCard</b><br>Test class: stories.OrderOneProdUsingSearchAsGuestUserTest</td>
<td></td>
<td>12</td>
<td>stories.OrderOneProdUsingSearchAsGuestUserTest@faa3fed</td></tr>
<tr>
<td title='stories.OrderTwoProdUsingWishlistAsLogUserTest.searchElementAndAddToWishlist2()'><b>searchElementAndAddToWishlist2</b><br>Test class: stories.OrderTwoProdUsingWishlistAsLogUserTest</td>
<td></td>
<td>3</td>
<td>stories.OrderTwoProdUsingWishlistAsLogUserTest@58f174d9</td></tr>
<tr>
<td title='stories.OrderOneProdUsingProductPageAsLogUserTest.loginUserWithInWishListPage()'><b>loginUserWithInWishListPage</b><br>Test class: stories.OrderOneProdUsingProductPageAsLogUserTest</td>
<td></td>
<td>2</td>
<td>stories.OrderOneProdUsingProductPageAsLogUserTest@89c65d5</td></tr>
<tr>
<td title='SearchTest.searchProductNegativeTest()'><b>searchProductNegativeTest</b><br>Test class: SearchTest</td>
<td></td>
<td>3</td>
<td>SearchTest@3c2772d1</td></tr>
<tr>
<td title='stories.OrderOneProdUsingSearchAsLogUserTest.stepCheckoutPerson()'><b>stepCheckoutPerson</b><br>Test class: stories.OrderOneProdUsingSearchAsLogUserTest</td>
<td></td>
<td>12</td>
<td>stories.OrderOneProdUsingSearchAsLogUserTest@381cad29</td></tr>
<tr>
<td title='administration.EditCurrencyTest.editNewCurrencyTest()'><b>editNewCurrencyTest</b><br>Test class: administration.EditCurrencyTest</td>
<td></td>
<td>8</td>
<td>administration.EditCurrencyTest@6dba847b</td></tr>
<tr>
<td title='administration.DeleteTaxTest.deleteTaxRatesTest()'><b>deleteTaxRatesTest</b><br>Test class: administration.DeleteTaxTest</td>
<td></td>
<td>4</td>
<td>administration.DeleteTaxTest@1c6e0a08</td></tr>
<tr>
<td title='AddOneProdToWishlistTest.loginUserWithInWishListPage()'><b>loginUserWithInWishListPage</b><br>Test class: AddOneProdToWishlistTest</td>
<td></td>
<td>4</td>
<td>AddOneProdToWishlistTest@5300f14a</td></tr>
<tr>
<td title='UserRegisterTest.registerUserWithValidParameters()'><b>registerUserWithValidParameters</b><br>Test class: UserRegisterTest</td>
<td></td>
<td>5</td>
<td>UserRegisterTest@6f8d7714</td></tr>
<tr>
<td title='stories.OrderTwoProdUsingWishlistAsLogUserTest.searchElementAndAddToWishlist()'><b>searchElementAndAddToWishlist</b><br>Test class: stories.OrderTwoProdUsingWishlistAsLogUserTest</td>
<td></td>
<td>3</td>
<td>stories.OrderTwoProdUsingWishlistAsLogUserTest@58f174d9</td></tr>
<tr>
<td title='stories.OrderOneProdUsingProdComparisonAsLogUserTest.stepCheckoutPerson()'><b>stepCheckoutPerson</b><br>Test class: stories.OrderOneProdUsingProdComparisonAsLogUserTest</td>
<td></td>
<td>12</td>
<td>stories.OrderOneProdUsingProdComparisonAsLogUserTest@433e536f</td></tr>
<tr>
<td title='stories.OrderOneProdUsingProdComparisonAsLogUserTest.loginUserWithInWishListPage()'><b>loginUserWithInWishListPage</b><br>Test class: stories.OrderOneProdUsingProdComparisonAsLogUserTest</td>
<td></td>
<td>4</td>
<td>stories.OrderOneProdUsingProdComparisonAsLogUserTest@433e536f</td></tr>
<tr>
<td title='administration.AddNewTaxTest.addNewTaxRatesTest()'><b>addNewTaxRatesTest</b><br>Test class: administration.AddNewTaxTest</td>
<td></td>
<td>5</td>
<td>administration.AddNewTaxTest@45673f68</td></tr>
<tr>
<td title='administration.AddNewTaxTest.addNewTaxClassesTest()'><b>addNewTaxClassesTest</b><br>Test class: administration.AddNewTaxTest</td>
<td></td>
<td>6</td>
<td>administration.AddNewTaxTest@45673f68</td></tr>
<tr>
<td title='stories.OrderOneProdUsingWishlistAsLogUserTest.searchElementAndAddToWishlist()'><b>searchElementAndAddToWishlist</b><br>Test class: stories.OrderOneProdUsingWishlistAsLogUserTest</td>
<td></td>
<td>3</td>
<td>stories.OrderOneProdUsingWishlistAsLogUserTest@988246e</td></tr>
<tr>
<td title='stories.OrderTwoProdUsingWishlistAsLogUserTest.loginUserWithInWishListPage()'><b>loginUserWithInWishListPage</b><br>Test class: stories.OrderTwoProdUsingWishlistAsLogUserTest</td>
<td></td>
<td>4</td>
<td>stories.OrderTwoProdUsingWishlistAsLogUserTest@58f174d9</td></tr>
<tr>
<td title='stories.OrderOneProdUsingProductPageAsLogUserTest.addProductToShoppingCartByProdPageTest()'><b>addProductToShoppingCartByProdPageTest</b><br>Test class: stories.OrderOneProdUsingProductPageAsLogUserTest</td>
<td></td>
<td>5</td>
<td>stories.OrderOneProdUsingProductPageAsLogUserTest@89c65d5</td></tr>
<tr>
<td title='stories.OrderTwoProdUsingWishlistAsLogUserTest.stepCheckoutPerson()'><b>stepCheckoutPerson</b><br>Test class: stories.OrderTwoProdUsingWishlistAsLogUserTest</td>
<td></td>
<td>51</td>
<td>stories.OrderTwoProdUsingWishlistAsLogUserTest@58f174d9</td></tr>
<tr>
<td title='stories.OrderTreeProdUsingWishlistAsLogUserTest.stepCheckoutPerson()'><b>stepCheckoutPerson</b><br>Test class: stories.OrderTreeProdUsingWishlistAsLogUserTest</td>
<td></td>
<td>23</td>
<td>stories.OrderTreeProdUsingWishlistAsLogUserTest@61f2c3f0</td></tr>
<tr>
<td title='stories.OrderTreeProdUsingWishlistAsLogUserTest.searchElementAndAddToWishlist()'><b>searchElementAndAddToWishlist</b><br>Test class: stories.OrderTreeProdUsingWishlistAsLogUserTest</td>
<td></td>
<td>3</td>
<td>stories.OrderTreeProdUsingWishlistAsLogUserTest@61f2c3f0</td></tr>
<tr>
<td title='AddOneProdToWishlistTest.searchElementAndAddToWishlist()'><b>searchElementAndAddToWishlist</b><br>Test class: AddOneProdToWishlistTest</td>
<td></td>
<td>2</td>
<td>AddOneProdToWishlistTest@5300f14a</td></tr>
</table><p>
<table width='100%' border='1' class='invocation-skipped'>
<tr><td colspan='4' align='center'><b>SKIPPED TESTS</b></td></tr>
<tr><td><b>Test method</b></td>
<td width="30%"><b>Exception</b></td>
<td width="10%"><b>Time (seconds)</b></td>
<td><b>Instance</b></td>
</tr>
<tr>
<td title='administration.ChangeCurrencyTest.changeCurrencyTest()'><b>changeCurrencyTest</b><br>Test class: administration.ChangeCurrencyTest</td>
<td><div><pre>java.lang.AssertionError: Incorrect tax iMac expected [true] but found [false]
	at steps.SearchPageBL.verifyiMacTax(SearchPageBL.java:90)
	at administration.ChangeCurrencyTest.changeCurrencyTest(ChangeCurrencyTest.java:25)
	at java.base/java.util.ArrayList.forEach(ArrayList.java:1511)
... Removed 35 stack frames</pre></div><a href='#' onClick='toggleBox("stack-trace578907617", this, "Click to show all stack frames", "Click to hide stack frames")'>Click to show all stack frames</a>
<div class='stack-trace' id='stack-trace578907617'><pre>java.lang.AssertionError: Incorrect tax iMac expected [true] but found [false]
	at org.testng.Assert.fail(Assert.java:99)
	at org.testng.Assert.failNotEquals(Assert.java:1037)
	at org.testng.Assert.assertTrue(Assert.java:45)
	at steps.SearchPageBL.verifyiMacTax(SearchPageBL.java:90)
	at administration.ChangeCurrencyTest.changeCurrencyTest(ChangeCurrencyTest.java:25)
	at java.base/jdk.internal.reflect.NativeMethodAccessorImpl.invoke0(Native Method)
	at java.base/jdk.internal.reflect.NativeMethodAccessorImpl.invoke(NativeMethodAccessorImpl.java:77)
	at java.base/jdk.internal.reflect.DelegatingMethodAccessorImpl.invoke(DelegatingMethodAccessorImpl.java:43)
	at java.base/java.lang.reflect.Method.invoke(Method.java:568)
	at org.testng.internal.MethodInvocationHelper.invokeMethod(MethodInvocationHelper.java:133)
	at org.testng.internal.TestInvoker.invokeMethod(TestInvoker.java:598)
	at org.testng.internal.TestInvoker.retryFailed(TestInvoker.java:213)
	at org.testng.internal.MethodRunner.runInSequence(MethodRunner.java:58)
	at org.testng.internal.TestInvoker$MethodInvocationAgent.invoke(TestInvoker.java:824)
	at org.testng.internal.TestInvoker.invokeTestMethods(TestInvoker.java:146)
	at org.testng.internal.TestMethodWorker.invokeTestMethods(TestMethodWorker.java:146)
	at org.testng.internal.TestMethodWorker.run(TestMethodWorker.java:128)
	at java.base/java.util.ArrayList.forEach(ArrayList.java:1511)
	at org.testng.TestRunner.privateRun(TestRunner.java:794)
	at org.testng.TestRunner.run(TestRunner.java:596)
	at org.testng.SuiteRunner.runTest(SuiteRunner.java:377)
	at org.testng.SuiteRunner.runSequentially(SuiteRunner.java:371)
	at org.testng.SuiteRunner.privateRun(SuiteRunner.java:332)
	at org.testng.SuiteRunner.run(SuiteRunner.java:276)
	at org.testng.SuiteRunnerWorker.runSuite(SuiteRunnerWorker.java:53)
	at org.testng.SuiteRunnerWorker.run(SuiteRunnerWorker.java:96)
	at org.testng.TestNG.runSuitesSequentially(TestNG.java:1212)
	at org.testng.TestNG.runSuitesLocally(TestNG.java:1134)
	at org.testng.TestNG.runSuites(TestNG.java:1063)
	at org.testng.TestNG.run(TestNG.java:1031)
	at org.apache.maven.surefire.testng.TestNGExecutor.run(TestNGExecutor.java:135)
	at org.apache.maven.surefire.testng.TestNGDirectoryTestSuite.executeMulti(TestNGDirectoryTestSuite.java:193)
	at org.apache.maven.surefire.testng.TestNGDirectoryTestSuite.execute(TestNGDirectoryTestSuite.java:94)
	at org.apache.maven.surefire.testng.TestNGProvider.invoke(TestNGProvider.java:146)
	at org.apache.maven.surefire.booter.ForkedBooter.invokeProviderInSameClassLoader(ForkedBooter.java:384)
	at org.apache.maven.surefire.booter.ForkedBooter.runSuitesInProcess(ForkedBooter.java:345)
	at org.apache.maven.surefire.booter.ForkedBooter.execute(ForkedBooter.java:126)
	at org.apache.maven.surefire.booter.ForkedBooter.main(ForkedBooter.java:418)
</pre></div></td>
<td>2</td>
<td>administration.ChangeCurrencyTest@69e308c6</td></tr>
<tr>
<td title='stories.OrderOneProdUsingComparisonAsGuestUserTest.searchByMenuAndAddToCompare()'><b>searchByMenuAndAddToCompare</b><br>Test class: stories.OrderOneProdUsingComparisonAsGuestUserTest</td>
<td><div><pre>org.openqa.selenium.NoSuchElementException: no such element: Unable to locate element: {&quot;method&quot;:&quot;xpath&quot;,&quot;selector&quot;:&quot;.//a[text()=&apos;product comparison&apos;]&quot;}
  (Session info: chrome=96.0.4664.45)
For documentation on this error, please visit: https://www.seleniumhq.org/exceptions/no_such_element.html
Build info: version: &apos;3.141.59&apos;, revision: &apos;e82be7d358&apos;, time: &apos;2018-11-14T08:17:03&apos;
System info: host: &apos;DESKTOP-QKRRSS8&apos;, ip: &apos;192.168.1.7&apos;, os.name: &apos;Windows 10&apos;, os.arch: &apos;amd64&apos;, os.version: &apos;10.0&apos;, java.version: &apos;17&apos;
Driver info: org.openqa.selenium.chrome.ChromeDriver
Capabilities {acceptInsecureCerts: false, browserName: chrome, browserVersion: 96.0.4664.45, chrome: {chromedriverVersion: 96.0.4664.45 (76e4c1bb2ab46..., userDataDir: C:\Users\1\AppData\Local\Te...}, goog:chromeOptions: {debuggerAddress: localhost:52030}, javascriptEnabled: true, networkConnectionEnabled: false, pageLoadStrategy: normal, platform: WINDOWS, platformName: WINDOWS, proxy: Proxy(), setWindowRect: true, strictFileInteractability: false, timeouts: {implicit: 0, pageLoad: 300000, script: 30000}, unhandledPromptBehavior: dismiss and notify, webauthn:extension:credBlob: true, webauthn:extension:largeBlob: true, webauthn:virtualAuthenticators: true}
Session ID: 3b550c432919fca06637483825191719
*** Element info: {Using=xpath, value=.//a[text()=&apos;product comparison&apos;]}
	at org.openqa.selenium.remote.http.W3CHttpResponseCodec.createException(W3CHttpResponseCodec.java:187)
	at org.openqa.selenium.remote.http.W3CHttpResponseCodec.decode(W3CHttpResponseCodec.java:122)
	at org.openqa.selenium.remote.http.W3CHttpResponseCodec.decode(W3CHttpResponseCodec.java:49)
	at org.openqa.selenium.remote.HttpCommandExecutor.execute(HttpCommandExecutor.java:158)
	at org.openqa.selenium.remote.service.DriverCommandExecutor.execute(DriverCommandExecutor.java:83)
	at org.openqa.selenium.remote.RemoteWebDriver.execute(RemoteWebDriver.java:552)
	at org.openqa.selenium.remote.RemoteWebDriver.findElement(RemoteWebDriver.java:323)
	at org.openqa.selenium.remote.RemoteWebDriver.findElementByXPath(RemoteWebDriver.java:428)
	at org.openqa.selenium.By$ByXPath.findElement(By.java:353)
	at org.openqa.selenium.remote.RemoteWebDriver.findElement(RemoteWebDriver.java:315)
	at pages.AddToComparePage.getProductComparisonMac(AddToComparePage.java:64)
	at steps.menu.AddToComparePageBL.clickOnProductComparisonMac(AddToComparePageBL.java:69)
	at stories.OrderOneProdUsingComparisonAsGuestUserTest.searchByMenuAndAddToCompare(OrderOneProdUsingComparisonAsGuestUserTest.java:21)
	at java.base/java.util.ArrayList.forEach(ArrayList.java:1511)
... Removed 36 stack frames</pre></div><a href='#' onClick='toggleBox("stack-trace519288554", this, "Click to show all stack frames", "Click to hide stack frames")'>Click to show all stack frames</a>
<div class='stack-trace' id='stack-trace519288554'><pre>org.openqa.selenium.NoSuchElementException: no such element: Unable to locate element: {&quot;method&quot;:&quot;xpath&quot;,&quot;selector&quot;:&quot;.//a[text()=&apos;product comparison&apos;]&quot;}
  (Session info: chrome=96.0.4664.45)
For documentation on this error, please visit: https://www.seleniumhq.org/exceptions/no_such_element.html
Build info: version: &apos;3.141.59&apos;, revision: &apos;e82be7d358&apos;, time: &apos;2018-11-14T08:17:03&apos;
System info: host: &apos;DESKTOP-QKRRSS8&apos;, ip: &apos;192.168.1.7&apos;, os.name: &apos;Windows 10&apos;, os.arch: &apos;amd64&apos;, os.version: &apos;10.0&apos;, java.version: &apos;17&apos;
Driver info: org.openqa.selenium.chrome.ChromeDriver
Capabilities {acceptInsecureCerts: false, browserName: chrome, browserVersion: 96.0.4664.45, chrome: {chromedriverVersion: 96.0.4664.45 (76e4c1bb2ab46..., userDataDir: C:\Users\1\AppData\Local\Te...}, goog:chromeOptions: {debuggerAddress: localhost:52030}, javascriptEnabled: true, networkConnectionEnabled: false, pageLoadStrategy: normal, platform: WINDOWS, platformName: WINDOWS, proxy: Proxy(), setWindowRect: true, strictFileInteractability: false, timeouts: {implicit: 0, pageLoad: 300000, script: 30000}, unhandledPromptBehavior: dismiss and notify, webauthn:extension:credBlob: true, webauthn:extension:largeBlob: true, webauthn:virtualAuthenticators: true}
Session ID: 3b550c432919fca06637483825191719
*** Element info: {Using=xpath, value=.//a[text()=&apos;product comparison&apos;]}
	at jdk.internal.reflect.GeneratedConstructorAccessor20.newInstance(Unknown Source)
	at java.base/jdk.internal.reflect.DelegatingConstructorAccessorImpl.newInstance(DelegatingConstructorAccessorImpl.java:45)
	at java.base/java.lang.reflect.Constructor.newInstanceWithCaller(Constructor.java:499)
	at java.base/java.lang.reflect.Constructor.newInstance(Constructor.java:480)
	at org.openqa.selenium.remote.http.W3CHttpResponseCodec.createException(W3CHttpResponseCodec.java:187)
	at org.openqa.selenium.remote.http.W3CHttpResponseCodec.decode(W3CHttpResponseCodec.java:122)
	at org.openqa.selenium.remote.http.W3CHttpResponseCodec.decode(W3CHttpResponseCodec.java:49)
	at org.openqa.selenium.remote.HttpCommandExecutor.execute(HttpCommandExecutor.java:158)
	at org.openqa.selenium.remote.service.DriverCommandExecutor.execute(DriverCommandExecutor.java:83)
	at org.openqa.selenium.remote.RemoteWebDriver.execute(RemoteWebDriver.java:552)
	at org.openqa.selenium.remote.RemoteWebDriver.findElement(RemoteWebDriver.java:323)
	at org.openqa.selenium.remote.RemoteWebDriver.findElementByXPath(RemoteWebDriver.java:428)
	at org.openqa.selenium.By$ByXPath.findElement(By.java:353)
	at org.openqa.selenium.remote.RemoteWebDriver.findElement(RemoteWebDriver.java:315)
	at pages.AddToComparePage.getProductComparisonMac(AddToComparePage.java:64)
	at steps.menu.AddToComparePageBL.clickOnProductComparisonMac(AddToComparePageBL.java:69)
	at stories.OrderOneProdUsingComparisonAsGuestUserTest.searchByMenuAndAddToCompare(OrderOneProdUsingComparisonAsGuestUserTest.java:21)
	at java.base/jdk.internal.reflect.NativeMethodAccessorImpl.invoke0(Native Method)
	at java.base/jdk.internal.reflect.NativeMethodAccessorImpl.invoke(NativeMethodAccessorImpl.java:77)
	at java.base/jdk.internal.reflect.DelegatingMethodAccessorImpl.invoke(DelegatingMethodAccessorImpl.java:43)
	at java.base/java.lang.reflect.Method.invoke(Method.java:568)
	at org.testng.internal.MethodInvocationHelper.invokeMethod(MethodInvocationHelper.java:133)
	at org.testng.internal.TestInvoker.invokeMethod(TestInvoker.java:598)
	at org.testng.internal.TestInvoker.invokeTestMethod(TestInvoker.java:173)
	at org.testng.internal.MethodRunner.runInSequence(MethodRunner.java:46)
	at org.testng.internal.TestInvoker$MethodInvocationAgent.invoke(TestInvoker.java:824)
	at org.testng.internal.TestInvoker.invokeTestMethods(TestInvoker.java:146)
	at org.testng.internal.TestMethodWorker.invokeTestMethods(TestMethodWorker.java:146)
	at org.testng.internal.TestMethodWorker.run(TestMethodWorker.java:128)
	at java.base/java.util.ArrayList.forEach(ArrayList.java:1511)
	at org.testng.TestRunner.privateRun(TestRunner.java:794)
	at org.testng.TestRunner.run(TestRunner.java:596)
	at org.testng.SuiteRunner.runTest(SuiteRunner.java:377)
	at org.testng.SuiteRunner.runSequentially(SuiteRunner.java:371)
	at org.testng.SuiteRunner.privateRun(SuiteRunner.java:332)
	at org.testng.SuiteRunner.run(SuiteRunner.java:276)
	at org.testng.SuiteRunnerWorker.runSuite(SuiteRunnerWorker.java:53)
	at org.testng.SuiteRunnerWorker.run(SuiteRunnerWorker.java:96)
	at org.testng.TestNG.runSuitesSequentially(TestNG.java:1212)
	at org.testng.TestNG.runSuitesLocally(TestNG.java:1134)
	at org.testng.TestNG.runSuites(TestNG.java:1063)
	at org.testng.TestNG.run(TestNG.java:1031)
	at org.apache.maven.surefire.testng.TestNGExecutor.run(TestNGExecutor.java:135)
	at org.apache.maven.surefire.testng.TestNGDirectoryTestSuite.executeMulti(TestNGDirectoryTestSuite.java:193)
	at org.apache.maven.surefire.testng.TestNGDirectoryTestSuite.execute(TestNGDirectoryTestSuite.java:94)
	at org.apache.maven.surefire.testng.TestNGProvider.invoke(TestNGProvider.java:146)
	at org.apache.maven.surefire.booter.ForkedBooter.invokeProviderInSameClassLoader(ForkedBooter.java:384)
	at org.apache.maven.surefire.booter.ForkedBooter.runSuitesInProcess(ForkedBooter.java:345)
	at org.apache.maven.surefire.booter.ForkedBooter.execute(ForkedBooter.java:126)
	at org.apache.maven.surefire.booter.ForkedBooter.main(ForkedBooter.java:418)
</pre></div></td>
<td>5</td>
<td>stories.OrderOneProdUsingComparisonAsGuestUserTest@37d00a23</td></tr>
<tr>
<td title='administration.ChangeCurrencyTest.changeCurrencyTest()'><b>changeCurrencyTest</b><br>Test class: administration.ChangeCurrencyTest</td>
<td><div><pre>java.lang.AssertionError: Incorrect tax iMac expected [true] but found [false]
	at steps.SearchPageBL.verifyiMacTax(SearchPageBL.java:90)
	at administration.ChangeCurrencyTest.changeCurrencyTest(ChangeCurrencyTest.java:25)
	at java.base/java.util.ArrayList.forEach(ArrayList.java:1511)
... Removed 35 stack frames</pre></div><a href='#' onClick='toggleBox("stack-trace340281479", this, "Click to show all stack frames", "Click to hide stack frames")'>Click to show all stack frames</a>
<div class='stack-trace' id='stack-trace340281479'><pre>java.lang.AssertionError: Incorrect tax iMac expected [true] but found [false]
	at org.testng.Assert.fail(Assert.java:99)
	at org.testng.Assert.failNotEquals(Assert.java:1037)
	at org.testng.Assert.assertTrue(Assert.java:45)
	at steps.SearchPageBL.verifyiMacTax(SearchPageBL.java:90)
	at administration.ChangeCurrencyTest.changeCurrencyTest(ChangeCurrencyTest.java:25)
	at java.base/jdk.internal.reflect.NativeMethodAccessorImpl.invoke0(Native Method)
	at java.base/jdk.internal.reflect.NativeMethodAccessorImpl.invoke(NativeMethodAccessorImpl.java:77)
	at java.base/jdk.internal.reflect.DelegatingMethodAccessorImpl.invoke(DelegatingMethodAccessorImpl.java:43)
	at java.base/java.lang.reflect.Method.invoke(Method.java:568)
	at org.testng.internal.MethodInvocationHelper.invokeMethod(MethodInvocationHelper.java:133)
	at org.testng.internal.TestInvoker.invokeMethod(TestInvoker.java:598)
	at org.testng.internal.TestInvoker.invokeTestMethod(TestInvoker.java:173)
	at org.testng.internal.MethodRunner.runInSequence(MethodRunner.java:46)
	at org.testng.internal.TestInvoker$MethodInvocationAgent.invoke(TestInvoker.java:824)
	at org.testng.internal.TestInvoker.invokeTestMethods(TestInvoker.java:146)
	at org.testng.internal.TestMethodWorker.invokeTestMethods(TestMethodWorker.java:146)
	at org.testng.internal.TestMethodWorker.run(TestMethodWorker.java:128)
	at java.base/java.util.ArrayList.forEach(ArrayList.java:1511)
	at org.testng.TestRunner.privateRun(TestRunner.java:794)
	at org.testng.TestRunner.run(TestRunner.java:596)
	at org.testng.SuiteRunner.runTest(SuiteRunner.java:377)
	at org.testng.SuiteRunner.runSequentially(SuiteRunner.java:371)
	at org.testng.SuiteRunner.privateRun(SuiteRunner.java:332)
	at org.testng.SuiteRunner.run(SuiteRunner.java:276)
	at org.testng.SuiteRunnerWorker.runSuite(SuiteRunnerWorker.java:53)
	at org.testng.SuiteRunnerWorker.run(SuiteRunnerWorker.java:96)
	at org.testng.TestNG.runSuitesSequentially(TestNG.java:1212)
	at org.testng.TestNG.runSuitesLocally(TestNG.java:1134)
	at org.testng.TestNG.runSuites(TestNG.java:1063)
	at org.testng.TestNG.run(TestNG.java:1031)
	at org.apache.maven.surefire.testng.TestNGExecutor.run(TestNGExecutor.java:135)
	at org.apache.maven.surefire.testng.TestNGDirectoryTestSuite.executeMulti(TestNGDirectoryTestSuite.java:193)
	at org.apache.maven.surefire.testng.TestNGDirectoryTestSuite.execute(TestNGDirectoryTestSuite.java:94)
	at org.apache.maven.surefire.testng.TestNGProvider.invoke(TestNGProvider.java:146)
	at org.apache.maven.surefire.booter.ForkedBooter.invokeProviderInSameClassLoader(ForkedBooter.java:384)
	at org.apache.maven.surefire.booter.ForkedBooter.runSuitesInProcess(ForkedBooter.java:345)
	at org.apache.maven.surefire.booter.ForkedBooter.execute(ForkedBooter.java:126)
	at org.apache.maven.surefire.booter.ForkedBooter.main(ForkedBooter.java:418)
</pre></div></td>
<td>4</td>
<td>administration.ChangeCurrencyTest@69e308c6</td></tr>
<tr>
<td title='UserRegisterTest.registerUserWithValidParameters()'><b>registerUserWithValidParameters</b><br>Test class: UserRegisterTest</td>
<td><div><pre>org.openqa.selenium.NoSuchElementException: no such element: Unable to locate element: {&quot;method&quot;:&quot;css selector&quot;,&quot;selector&quot;:&quot;#input\-firstname&quot;}
  (Session info: chrome=96.0.4664.45)
For documentation on this error, please visit: https://www.seleniumhq.org/exceptions/no_such_element.html
Build info: version: &apos;3.141.59&apos;, revision: &apos;e82be7d358&apos;, time: &apos;2018-11-14T08:17:03&apos;
System info: host: &apos;DESKTOP-QKRRSS8&apos;, ip: &apos;192.168.1.7&apos;, os.name: &apos;Windows 10&apos;, os.arch: &apos;amd64&apos;, os.version: &apos;10.0&apos;, java.version: &apos;17&apos;
Driver info: org.openqa.selenium.chrome.ChromeDriver
Capabilities {acceptInsecureCerts: false, browserName: chrome, browserVersion: 96.0.4664.45, chrome: {chromedriverVersion: 96.0.4664.45 (76e4c1bb2ab46..., userDataDir: C:\Users\1\AppData\Local\Te...}, goog:chromeOptions: {debuggerAddress: localhost:53286}, javascriptEnabled: true, networkConnectionEnabled: false, pageLoadStrategy: normal, platform: WINDOWS, platformName: WINDOWS, proxy: Proxy(), setWindowRect: true, strictFileInteractability: false, timeouts: {implicit: 0, pageLoad: 300000, script: 30000}, unhandledPromptBehavior: dismiss and notify, webauthn:extension:credBlob: true, webauthn:extension:largeBlob: true, webauthn:virtualAuthenticators: true}
Session ID: e2ea85f8bbc8d5e0b0cbe15e638c058e
*** Element info: {Using=id, value=input-firstname}
	at org.openqa.selenium.remote.http.W3CHttpResponseCodec.createException(W3CHttpResponseCodec.java:187)
	at org.openqa.selenium.remote.http.W3CHttpResponseCodec.decode(W3CHttpResponseCodec.java:122)
	at org.openqa.selenium.remote.http.W3CHttpResponseCodec.decode(W3CHttpResponseCodec.java:49)
	at org.openqa.selenium.remote.HttpCommandExecutor.execute(HttpCommandExecutor.java:158)
	at org.openqa.selenium.remote.service.DriverCommandExecutor.execute(DriverCommandExecutor.java:83)
	at org.openqa.selenium.remote.RemoteWebDriver.execute(RemoteWebDriver.java:552)
	at org.openqa.selenium.remote.RemoteWebDriver.findElement(RemoteWebDriver.java:323)
	at org.openqa.selenium.remote.RemoteWebDriver.findElementById(RemoteWebDriver.java:372)
	at org.openqa.selenium.By$ById.findElement(By.java:188)
	at org.openqa.selenium.remote.RemoteWebDriver.findElement(RemoteWebDriver.java:315)
	at org.openqa.selenium.support.pagefactory.DefaultElementLocator.findElement(DefaultElementLocator.java:69)
	at org.openqa.selenium.support.pagefactory.internal.LocatingElementHandler.invoke(LocatingElementHandler.java:38)
	at jdk.proxy2/jdk.proxy2.$Proxy16.clear(Unknown Source)
	at steps.user.RegisterPageBL.inputFirstName(RegisterPageBL.java:35)
	at steps.user.RegisterPageBL.registerNewPerson(RegisterPageBL.java:21)
	at UserRegisterTest.registerUserWithValidParameters(UserRegisterTest.java:19)
	at java.base/java.util.ArrayList.forEach(ArrayList.java:1511)
... Removed 36 stack frames</pre></div><a href='#' onClick='toggleBox("stack-trace1315612309", this, "Click to show all stack frames", "Click to hide stack frames")'>Click to show all stack frames</a>
<div class='stack-trace' id='stack-trace1315612309'><pre>org.openqa.selenium.NoSuchElementException: no such element: Unable to locate element: {&quot;method&quot;:&quot;css selector&quot;,&quot;selector&quot;:&quot;#input\-firstname&quot;}
  (Session info: chrome=96.0.4664.45)
For documentation on this error, please visit: https://www.seleniumhq.org/exceptions/no_such_element.html
Build info: version: &apos;3.141.59&apos;, revision: &apos;e82be7d358&apos;, time: &apos;2018-11-14T08:17:03&apos;
System info: host: &apos;DESKTOP-QKRRSS8&apos;, ip: &apos;192.168.1.7&apos;, os.name: &apos;Windows 10&apos;, os.arch: &apos;amd64&apos;, os.version: &apos;10.0&apos;, java.version: &apos;17&apos;
Driver info: org.openqa.selenium.chrome.ChromeDriver
Capabilities {acceptInsecureCerts: false, browserName: chrome, browserVersion: 96.0.4664.45, chrome: {chromedriverVersion: 96.0.4664.45 (76e4c1bb2ab46..., userDataDir: C:\Users\1\AppData\Local\Te...}, goog:chromeOptions: {debuggerAddress: localhost:53286}, javascriptEnabled: true, networkConnectionEnabled: false, pageLoadStrategy: normal, platform: WINDOWS, platformName: WINDOWS, proxy: Proxy(), setWindowRect: true, strictFileInteractability: false, timeouts: {implicit: 0, pageLoad: 300000, script: 30000}, unhandledPromptBehavior: dismiss and notify, webauthn:extension:credBlob: true, webauthn:extension:largeBlob: true, webauthn:virtualAuthenticators: true}
Session ID: e2ea85f8bbc8d5e0b0cbe15e638c058e
*** Element info: {Using=id, value=input-firstname}
	at jdk.internal.reflect.GeneratedConstructorAccessor20.newInstance(Unknown Source)
	at java.base/jdk.internal.reflect.DelegatingConstructorAccessorImpl.newInstance(DelegatingConstructorAccessorImpl.java:45)
	at java.base/java.lang.reflect.Constructor.newInstanceWithCaller(Constructor.java:499)
	at java.base/java.lang.reflect.Constructor.newInstance(Constructor.java:480)
	at org.openqa.selenium.remote.http.W3CHttpResponseCodec.createException(W3CHttpResponseCodec.java:187)
	at org.openqa.selenium.remote.http.W3CHttpResponseCodec.decode(W3CHttpResponseCodec.java:122)
	at org.openqa.selenium.remote.http.W3CHttpResponseCodec.decode(W3CHttpResponseCodec.java:49)
	at org.openqa.selenium.remote.HttpCommandExecutor.execute(HttpCommandExecutor.java:158)
	at org.openqa.selenium.remote.service.DriverCommandExecutor.execute(DriverCommandExecutor.java:83)
	at org.openqa.selenium.remote.RemoteWebDriver.execute(RemoteWebDriver.java:552)
	at org.openqa.selenium.remote.RemoteWebDriver.findElement(RemoteWebDriver.java:323)
	at org.openqa.selenium.remote.RemoteWebDriver.findElementById(RemoteWebDriver.java:372)
	at org.openqa.selenium.By$ById.findElement(By.java:188)
	at org.openqa.selenium.remote.RemoteWebDriver.findElement(RemoteWebDriver.java:315)
	at org.openqa.selenium.support.pagefactory.DefaultElementLocator.findElement(DefaultElementLocator.java:69)
	at org.openqa.selenium.support.pagefactory.internal.LocatingElementHandler.invoke(LocatingElementHandler.java:38)
	at jdk.proxy2/jdk.proxy2.$Proxy16.clear(Unknown Source)
	at steps.user.RegisterPageBL.inputFirstName(RegisterPageBL.java:35)
	at steps.user.RegisterPageBL.registerNewPerson(RegisterPageBL.java:21)
	at UserRegisterTest.registerUserWithValidParameters(UserRegisterTest.java:19)
	at java.base/jdk.internal.reflect.NativeMethodAccessorImpl.invoke0(Native Method)
	at java.base/jdk.internal.reflect.NativeMethodAccessorImpl.invoke(NativeMethodAccessorImpl.java:77)
	at java.base/jdk.internal.reflect.DelegatingMethodAccessorImpl.invoke(DelegatingMethodAccessorImpl.java:43)
	at java.base/java.lang.reflect.Method.invoke(Method.java:568)
	at org.testng.internal.MethodInvocationHelper.invokeMethod(MethodInvocationHelper.java:133)
	at org.testng.internal.TestInvoker.invokeMethod(TestInvoker.java:598)
	at org.testng.internal.TestInvoker.invokeTestMethod(TestInvoker.java:173)
	at org.testng.internal.MethodRunner.runInSequence(MethodRunner.java:46)
	at org.testng.internal.TestInvoker$MethodInvocationAgent.invoke(TestInvoker.java:824)
	at org.testng.internal.TestInvoker.invokeTestMethods(TestInvoker.java:146)
	at org.testng.internal.TestMethodWorker.invokeTestMethods(TestMethodWorker.java:146)
	at org.testng.internal.TestMethodWorker.run(TestMethodWorker.java:128)
	at java.base/java.util.ArrayList.forEach(ArrayList.java:1511)
	at org.testng.TestRunner.privateRun(TestRunner.java:794)
	at org.testng.TestRunner.run(TestRunner.java:596)
	at org.testng.SuiteRunner.runTest(SuiteRunner.java:377)
	at org.testng.SuiteRunner.runSequentially(SuiteRunner.java:371)
	at org.testng.SuiteRunner.privateRun(SuiteRunner.java:332)
	at org.testng.SuiteRunner.run(SuiteRunner.java:276)
	at org.testng.SuiteRunnerWorker.runSuite(SuiteRunnerWorker.java:53)
	at org.testng.SuiteRunnerWorker.run(SuiteRunnerWorker.java:96)
	at org.testng.TestNG.runSuitesSequentially(TestNG.java:1212)
	at org.testng.TestNG.runSuitesLocally(TestNG.java:1134)
	at org.testng.TestNG.runSuites(TestNG.java:1063)
	at org.testng.TestNG.run(TestNG.java:1031)
	at org.apache.maven.surefire.testng.TestNGExecutor.run(TestNGExecutor.java:135)
	at org.apache.maven.surefire.testng.TestNGDirectoryTestSuite.executeMulti(TestNGDirectoryTestSuite.java:193)
	at org.apache.maven.surefire.testng.TestNGDirectoryTestSuite.execute(TestNGDirectoryTestSuite.java:94)
	at org.apache.maven.surefire.testng.TestNGProvider.invoke(TestNGProvider.java:146)
	at org.apache.maven.surefire.booter.ForkedBooter.invokeProviderInSameClassLoader(ForkedBooter.java:384)
	at org.apache.maven.surefire.booter.ForkedBooter.runSuitesInProcess(ForkedBooter.java:345)
	at org.apache.maven.surefire.booter.ForkedBooter.execute(ForkedBooter.java:126)
	at org.apache.maven.surefire.booter.ForkedBooter.main(ForkedBooter.java:418)
</pre></div></td>
<td>2</td>
<td>UserRegisterTest@6f8d7714</td></tr>
</table><p>
</body>
</html>